2026-02-13 09:39:43.583 +02:00 [ERR] An unhandled exception has occurred while executing the request.
Swashbuckle.AspNetCore.SwaggerGen.SwaggerGeneratorException: Failed to generate Operation for action - ContactManager.Web.Backend.Controllers.ContactsApiController.UploadCsv (ContactManager.Web). See inner exception
 ---> Swashbuckle.AspNetCore.SwaggerGen.SwaggerGeneratorException: Error reading parameter(s) for action ContactManager.Web.Backend.Controllers.ContactsApiController.UploadCsv (ContactManager.Web) as [FromForm] attribute used with IFormFile. Please refer to https://github.com/domaindrivendev/Swashbuckle.AspNetCore/tree/master/docs/configure-and-customize-swaggergen.md#handle-forms-and-file-uploads for more information
   at Swashbuckle.AspNetCore.SwaggerGen.SwaggerGenerator.GenerateParametersAsync(ApiDescription apiDescription, SchemaRepository schemaRepository, OpenApiDocument document, Func`4 parameterGenerator)
   at Swashbuckle.AspNetCore.SwaggerGen.SwaggerGenerator.GenerateParametersAsync(ApiDescription apiDescription, SchemaRepository schemaRepository, OpenApiDocument document)
   at Swashbuckle.AspNetCore.SwaggerGen.SwaggerGenerator.GenerateOperationAsync(OpenApiDocument document, ApiDescription apiDescription, SchemaRepository schemaRepository, Func`4 parametersGenerator, Func`4 bodyGenerator, Func`3 applyFilters)
   --- End of inner exception stack trace ---
   at Swashbuckle.AspNetCore.SwaggerGen.SwaggerGenerator.GenerateOperationAsync(OpenApiDocument document, ApiDescription apiDescription, SchemaRepository schemaRepository, Func`4 parametersGenerator, Func`4 bodyGenerator, Func`3 applyFilters)
   at Swashbuckle.AspNetCore.SwaggerGen.SwaggerGenerator.GenerateOperationAsync(OpenApiDocument document, ApiDescription apiDescription, SchemaRepository schemaRepository)
   at Swashbuckle.AspNetCore.SwaggerGen.SwaggerGenerator.GenerateOperationsAsync(OpenApiDocument document, IEnumerable`1 apiDescriptions, SchemaRepository schemaRepository)
   at Swashbuckle.AspNetCore.SwaggerGen.SwaggerGenerator.GeneratePathsAsync(OpenApiDocument document, IEnumerable`1 apiDescriptions, SchemaRepository schemaRepository, Func`4 operationsGenerator)
   at Swashbuckle.AspNetCore.SwaggerGen.SwaggerGenerator.GeneratePathsAsync(OpenApiDocument document, IEnumerable`1 apiDescriptions, SchemaRepository schemaRepository)
   at Swashbuckle.AspNetCore.SwaggerGen.SwaggerGenerator.GetSwaggerAsync(String documentName, String host, String basePath)
   at Swashbuckle.AspNetCore.Swagger.SwaggerMiddleware.Invoke(HttpContext httpContext, ISwaggerProvider swaggerProvider)
   at Microsoft.AspNetCore.ResponseCaching.ResponseCachingMiddleware.Invoke(HttpContext httpContext)
   at Microsoft.AspNetCore.Authorization.AuthorizationMiddleware.Invoke(HttpContext context)
   at ContactManager.Web.Config.ApplicationConfiguration.<>c.<<ConfigureSecurity>b__6_0>d.MoveNext() in E:\TestTask\Bits OrchestraTest Task\ContactManager.Web\Config\ApplicationConfiguration.cs:line 150
--- End of stack trace from previous location ---
   at Microsoft.AspNetCore.Diagnostics.DeveloperExceptionPageMiddlewareImpl.Invoke(HttpContext context)
2026-02-13 18:22:49.485 +02:00 [ERR] An unhandled exception has occurred while executing the request.
Swashbuckle.AspNetCore.SwaggerGen.SwaggerGeneratorException: Failed to generate Operation for action - ContactManager.Web.Backend.Controllers.ContactsApiController.UploadCsv (ContactManager.Web). See inner exception
 ---> Swashbuckle.AspNetCore.SwaggerGen.SwaggerGeneratorException: Error reading parameter(s) for action ContactManager.Web.Backend.Controllers.ContactsApiController.UploadCsv (ContactManager.Web) as [FromForm] attribute used with IFormFile. Please refer to https://github.com/domaindrivendev/Swashbuckle.AspNetCore/tree/master/docs/configure-and-customize-swaggergen.md#handle-forms-and-file-uploads for more information
   at Swashbuckle.AspNetCore.SwaggerGen.SwaggerGenerator.GenerateParametersAsync(ApiDescription apiDescription, SchemaRepository schemaRepository, OpenApiDocument document, Func`4 parameterGenerator)
   at Swashbuckle.AspNetCore.SwaggerGen.SwaggerGenerator.GenerateParametersAsync(ApiDescription apiDescription, SchemaRepository schemaRepository, OpenApiDocument document)
   at Swashbuckle.AspNetCore.SwaggerGen.SwaggerGenerator.GenerateOperationAsync(OpenApiDocument document, ApiDescription apiDescription, SchemaRepository schemaRepository, Func`4 parametersGenerator, Func`4 bodyGenerator, Func`3 applyFilters)
   --- End of inner exception stack trace ---
   at Swashbuckle.AspNetCore.SwaggerGen.SwaggerGenerator.GenerateOperationAsync(OpenApiDocument document, ApiDescription apiDescription, SchemaRepository schemaRepository, Func`4 parametersGenerator, Func`4 bodyGenerator, Func`3 applyFilters)
   at Swashbuckle.AspNetCore.SwaggerGen.SwaggerGenerator.GenerateOperationAsync(OpenApiDocument document, ApiDescription apiDescription, SchemaRepository schemaRepository)
   at Swashbuckle.AspNetCore.SwaggerGen.SwaggerGenerator.GenerateOperationsAsync(OpenApiDocument document, IEnumerable`1 apiDescriptions, SchemaRepository schemaRepository)
   at Swashbuckle.AspNetCore.SwaggerGen.SwaggerGenerator.GeneratePathsAsync(OpenApiDocument document, IEnumerable`1 apiDescriptions, SchemaRepository schemaRepository, Func`4 operationsGenerator)
   at Swashbuckle.AspNetCore.SwaggerGen.SwaggerGenerator.GeneratePathsAsync(OpenApiDocument document, IEnumerable`1 apiDescriptions, SchemaRepository schemaRepository)
   at Swashbuckle.AspNetCore.SwaggerGen.SwaggerGenerator.GetSwaggerAsync(String documentName, String host, String basePath)
   at Swashbuckle.AspNetCore.Swagger.SwaggerMiddleware.Invoke(HttpContext httpContext, ISwaggerProvider swaggerProvider)
   at Microsoft.AspNetCore.ResponseCaching.ResponseCachingMiddleware.Invoke(HttpContext httpContext)
   at Microsoft.AspNetCore.Authorization.AuthorizationMiddleware.Invoke(HttpContext context)
   at ContactManager.Web.Config.ApplicationConfiguration.<>c.<<ConfigureSecurity>b__6_0>d.MoveNext() in E:\TestTask\Bits OrchestraTest Task\ContactManager.Web\Config\ApplicationConfiguration.cs:line 150
--- End of stack trace from previous location ---
   at Microsoft.AspNetCore.Diagnostics.DeveloperExceptionPageMiddlewareImpl.Invoke(HttpContext context)
2026-02-13 18:46:04.405 +02:00 [ERR] An unhandled exception has occurred while executing the request.
Swashbuckle.AspNetCore.SwaggerGen.SwaggerGeneratorException: Failed to generate Operation for action - ContactManager.Web.Backend.Controllers.ContactsApiController.UploadCsv (ContactManager.Web). See inner exception
 ---> Swashbuckle.AspNetCore.SwaggerGen.SwaggerGeneratorException: Error reading parameter(s) for action ContactManager.Web.Backend.Controllers.ContactsApiController.UploadCsv (ContactManager.Web) as [FromForm] attribute used with IFormFile. Please refer to https://github.com/domaindrivendev/Swashbuckle.AspNetCore/tree/master/docs/configure-and-customize-swaggergen.md#handle-forms-and-file-uploads for more information
   at Swashbuckle.AspNetCore.SwaggerGen.SwaggerGenerator.GenerateParametersAsync(ApiDescription apiDescription, SchemaRepository schemaRepository, OpenApiDocument document, Func`4 parameterGenerator)
   at Swashbuckle.AspNetCore.SwaggerGen.SwaggerGenerator.GenerateParametersAsync(ApiDescription apiDescription, SchemaRepository schemaRepository, OpenApiDocument document)
   at Swashbuckle.AspNetCore.SwaggerGen.SwaggerGenerator.GenerateOperationAsync(OpenApiDocument document, ApiDescription apiDescription, SchemaRepository schemaRepository, Func`4 parametersGenerator, Func`4 bodyGenerator, Func`3 applyFilters)
   --- End of inner exception stack trace ---
   at Swashbuckle.AspNetCore.SwaggerGen.SwaggerGenerator.GenerateOperationAsync(OpenApiDocument document, ApiDescription apiDescription, SchemaRepository schemaRepository, Func`4 parametersGenerator, Func`4 bodyGenerator, Func`3 applyFilters)
   at Swashbuckle.AspNetCore.SwaggerGen.SwaggerGenerator.GenerateOperationAsync(OpenApiDocument document, ApiDescription apiDescription, SchemaRepository schemaRepository)
   at Swashbuckle.AspNetCore.SwaggerGen.SwaggerGenerator.GenerateOperationsAsync(OpenApiDocument document, IEnumerable`1 apiDescriptions, SchemaRepository schemaRepository)
   at Swashbuckle.AspNetCore.SwaggerGen.SwaggerGenerator.GeneratePathsAsync(OpenApiDocument document, IEnumerable`1 apiDescriptions, SchemaRepository schemaRepository, Func`4 operationsGenerator)
   at Swashbuckle.AspNetCore.SwaggerGen.SwaggerGenerator.GeneratePathsAsync(OpenApiDocument document, IEnumerable`1 apiDescriptions, SchemaRepository schemaRepository)
   at Swashbuckle.AspNetCore.SwaggerGen.SwaggerGenerator.GetSwaggerAsync(String documentName, String host, String basePath)
   at Swashbuckle.AspNetCore.Swagger.SwaggerMiddleware.Invoke(HttpContext httpContext, ISwaggerProvider swaggerProvider)
   at Microsoft.AspNetCore.ResponseCaching.ResponseCachingMiddleware.Invoke(HttpContext httpContext)
   at Microsoft.AspNetCore.Authorization.AuthorizationMiddleware.Invoke(HttpContext context)
   at ContactManager.Web.Config.ApplicationConfiguration.<>c.<<ConfigureSecurity>b__6_0>d.MoveNext() in E:\TestTask\Bits OrchestraTest Task\ContactManager.Web\Config\ApplicationConfiguration.cs:line 150
--- End of stack trace from previous location ---
   at Microsoft.AspNetCore.Diagnostics.DeveloperExceptionPageMiddlewareImpl.Invoke(HttpContext context)
