2026-02-14 22:26:20.651 +02:00 [INF] Starting database initialization
2026-02-14 22:26:20.849 +02:00 [INF] Configuring SQLite database
2026-02-14 22:26:21.088 +02:00 [INF] Starting database initialization
2026-02-14 22:26:22.439 +02:00 [INF] Initializing SQLite database
2026-02-14 22:26:23.209 +02:00 [INF] Found existing SQLite database, will recreate for clean state
2026-02-14 22:26:24.049 +02:00 [INF] Existing SQLite database deleted successfully
2026-02-14 22:26:24.909 +02:00 [INF] SQLite database and tables created successfully
2026-02-14 22:26:25.004 +02:00 [INF] Database initialization completed in 3913ms
2026-02-14 22:26:25.142 +02:00 [INF] Database initialization completed successfully
2026-02-14 22:26:25.792 +02:00 [INF] User profile is available. Using 'C:\Users\Eugene\AppData\Local\ASP.NET\DataProtection-Keys' as key repository and Windows DPAPI to encrypt keys at rest.
2026-02-14 22:26:26.040 +02:00 [INF] Now listening on: http://localhost:5021
2026-02-14 22:26:26.043 +02:00 [INF] Application started. Press Ctrl+C to shut down.
2026-02-14 22:26:26.046 +02:00 [INF] Hosting environment: Development
2026-02-14 22:26:26.048 +02:00 [INF] Content root path: E:\TestTask\Bits OrchestraTest Task\ContactManager.Web
2026-02-14 22:28:21.389 +02:00 [INF] Request starting HTTP/1.1 GET http://localhost:5021/swagger/v1/swagger.json - null null
2026-02-14 22:28:21.417 +02:00 [WRN] Failed to determine the https port for redirect.
2026-02-14 22:28:21.449 +02:00 [INF] No cached response available for this request.
2026-02-14 22:28:21.686 +02:00 [INF] The response could not be cached for this request.
2026-02-14 22:28:21.692 +02:00 [INF] Request finished HTTP/1.1 GET http://localhost:5021/swagger/v1/swagger.json - 200 null application/json;charset=utf-8 304.5941ms
2026-02-14 22:28:21.765 +02:00 [INF] Request starting HTTP/1.1 GET http://localhost:5021/@vite/client - null null
2026-02-14 22:28:21.773 +02:00 [INF] No cached response available for this request.
2026-02-14 22:28:21.783 +02:00 [INF] The response could not be cached for this request.
2026-02-14 22:28:21.786 +02:00 [INF] Request finished HTTP/1.1 GET http://localhost:5021/@vite/client - 404 0 null 21.0972ms
2026-02-14 22:28:21.796 +02:00 [INF] Request reached the end of the middleware pipeline without being handled by application code. Request path: GET http://localhost:5021/@vite/client, Response status code: 404
2026-02-14 22:28:24.884 +02:00 [INF] Request starting HTTP/1.1 GET http://localhost:5021/swagger/index.html - null null
2026-02-14 22:28:24.893 +02:00 [INF] No cached response available for this request.
2026-02-14 22:28:24.985 +02:00 [INF] The response could not be cached for this request.
2026-02-14 22:28:24.987 +02:00 [INF] Request finished HTTP/1.1 GET http://localhost:5021/swagger/index.html - 304 null null 103.14ms
2026-02-14 22:28:25.006 +02:00 [INF] Request starting HTTP/1.1 GET http://localhost:5021/swagger/swagger-ui.css - null null
2026-02-14 22:28:25.009 +02:00 [INF] Request starting HTTP/1.1 GET http://localhost:5021/swagger/swagger-ui-bundle.js - null null
2026-02-14 22:28:25.009 +02:00 [INF] Request starting HTTP/1.1 GET http://localhost:5021/swagger/swagger-ui-standalone-preset.js - null null
2026-02-14 22:28:25.009 +02:00 [INF] Request starting HTTP/1.1 GET http://localhost:5021/swagger/index.css - null null
2026-02-14 22:28:25.010 +02:00 [INF] Request starting HTTP/1.1 GET http://localhost:5021/swagger/index.js - null null
2026-02-14 22:28:25.013 +02:00 [INF] No cached response available for this request.
2026-02-14 22:28:25.019 +02:00 [INF] No cached response available for this request.
2026-02-14 22:28:25.023 +02:00 [INF] No cached response available for this request.
2026-02-14 22:28:25.027 +02:00 [INF] No cached response available for this request.
2026-02-14 22:28:25.033 +02:00 [INF] No cached response available for this request.
2026-02-14 22:28:25.042 +02:00 [INF] The response could not be cached for this request.
2026-02-14 22:28:25.044 +02:00 [INF] Request finished HTTP/1.1 GET http://localhost:5021/swagger/index.js - 304 null null 34.2098ms
2026-02-14 22:28:25.051 +02:00 [INF] The response could not be cached for this request.
2026-02-14 22:28:25.051 +02:00 [INF] The response could not be cached for this request.
2026-02-14 22:28:25.051 +02:00 [INF] The response could not be cached for this request.
2026-02-14 22:28:25.052 +02:00 [INF] The response could not be cached for this request.
2026-02-14 22:28:25.055 +02:00 [INF] Request finished HTTP/1.1 GET http://localhost:5021/swagger/index.css - 304 null null 45.2231ms
2026-02-14 22:28:25.056 +02:00 [INF] Request finished HTTP/1.1 GET http://localhost:5021/swagger/swagger-ui.css - 304 null null 50.5064ms
2026-02-14 22:28:25.058 +02:00 [INF] Request finished HTTP/1.1 GET http://localhost:5021/swagger/swagger-ui-standalone-preset.js - 304 null null 49.1038ms
2026-02-14 22:28:25.060 +02:00 [INF] Request finished HTTP/1.1 GET http://localhost:5021/swagger/swagger-ui-bundle.js - 304 null null 50.6297ms
2026-02-14 22:28:25.202 +02:00 [INF] Request starting HTTP/1.1 GET http://localhost:5021/swagger/v1/swagger.json - null null
2026-02-14 22:28:25.208 +02:00 [INF] No cached response available for this request.
2026-02-14 22:28:25.221 +02:00 [INF] The response could not be cached for this request.
2026-02-14 22:28:25.225 +02:00 [INF] Request finished HTTP/1.1 GET http://localhost:5021/swagger/v1/swagger.json - 200 null application/json;charset=utf-8 22.7926ms
2026-02-14 22:28:25.247 +02:00 [INF] Request starting HTTP/1.1 GET http://localhost:5021/@vite/client - null null
2026-02-14 22:28:25.253 +02:00 [INF] No cached response available for this request.
2026-02-14 22:28:25.255 +02:00 [INF] The response could not be cached for this request.
2026-02-14 22:28:25.257 +02:00 [INF] Request finished HTTP/1.1 GET http://localhost:5021/@vite/client - 404 0 null 10.0922ms
2026-02-14 22:28:25.264 +02:00 [INF] Request reached the end of the middleware pipeline without being handled by application code. Request path: GET http://localhost:5021/@vite/client, Response status code: 404
2026-02-14 22:28:41.783 +02:00 [INF] Request starting HTTP/1.1 GET http://localhost:5021/ - null null
2026-02-14 22:28:41.790 +02:00 [INF] No cached response available for this request.
2026-02-14 22:28:41.793 +02:00 [INF] Executing endpoint 'ContactManager.Web.Controllers.HomeController.Index (ContactManager.Web)'
2026-02-14 22:28:41.818 +02:00 [INF] Route matched with {action = "Index", controller = "Home"}. Executing controller action with signature Microsoft.AspNetCore.Mvc.IActionResult Index() on controller ContactManager.Web.Controllers.HomeController (ContactManager.Web).
2026-02-14 22:28:41.846 +02:00 [INF] Executing RedirectResult, redirecting to /Contacts.
2026-02-14 22:28:41.854 +02:00 [INF] Executed action ContactManager.Web.Controllers.HomeController.Index (ContactManager.Web) in 25.8045ms
2026-02-14 22:28:41.857 +02:00 [INF] Executed endpoint 'ContactManager.Web.Controllers.HomeController.Index (ContactManager.Web)'
2026-02-14 22:28:41.859 +02:00 [INF] The response could not be cached for this request.
2026-02-14 22:28:41.862 +02:00 [INF] Request finished HTTP/1.1 GET http://localhost:5021/ - 302 0 null 79.0468ms
2026-02-14 22:28:41.868 +02:00 [INF] Request starting HTTP/1.1 GET http://localhost:5021/Contacts - null null
2026-02-14 22:28:41.873 +02:00 [INF] No cached response available for this request.
2026-02-14 22:28:41.874 +02:00 [INF] Executing endpoint 'ContactManager.Web.Controllers.ContactsController.Index (ContactManager.Web)'
2026-02-14 22:28:41.887 +02:00 [INF] Route matched with {action = "Index", controller = "Contacts"}. Executing controller action with signature System.Threading.Tasks.Task`1[Microsoft.AspNetCore.Mvc.IActionResult] Index() on controller ContactManager.Web.Controllers.ContactsController (ContactManager.Web).
2026-02-14 22:28:41.892 +02:00 [INF] Configuring SQLite database
2026-02-14 22:28:42.240 +02:00 [INF] Executing ViewResult, running view Index.
2026-02-14 22:28:42.329 +02:00 [INF] Executed ViewResult - view Index executed in 94.1478ms.
2026-02-14 22:28:42.332 +02:00 [INF] Executed action ContactManager.Web.Controllers.ContactsController.Index (ContactManager.Web) in 440.9839ms
2026-02-14 22:28:42.335 +02:00 [INF] Executed endpoint 'ContactManager.Web.Controllers.ContactsController.Index (ContactManager.Web)'
2026-02-14 22:28:42.338 +02:00 [INF] The response could not be cached for this request.
2026-02-14 22:28:42.352 +02:00 [INF] Request finished HTTP/1.1 GET http://localhost:5021/Contacts - 200 null text/html; charset=utf-8 484.2409ms
2026-02-14 22:28:42.355 +02:00 [INF] Request starting HTTP/1.1 GET http://localhost:5021/css/site.css?v=pAGv4ietcJNk_EwsQZ5BN9-K4MuNYS2a9wl4Jw-q9D0 - null null
2026-02-14 22:28:42.357 +02:00 [INF] Request starting HTTP/1.1 GET http://localhost:5021/ContactManager.Web.styles.css?v=D0W8AQKgf4DXqaqj5rDngk6jmdgqmFgQx74xdKbRzcg - null null
2026-02-14 22:28:42.357 +02:00 [INF] Request starting HTTP/1.1 GET http://localhost:5021/lib/jquery/dist/jquery.min.js - null null
2026-02-14 22:28:42.356 +02:00 [INF] Request starting HTTP/1.1 GET http://localhost:5021/Frontend/css/contact-manager.css - null null
2026-02-14 22:28:42.362 +02:00 [INF] Request starting HTTP/1.1 GET http://localhost:5021/lib/bootstrap/dist/css/bootstrap.min.css - null null
2026-02-14 22:28:42.364 +02:00 [INF] Request starting HTTP/1.1 GET http://localhost:5021/lib/bootstrap/dist/js/bootstrap.bundle.min.js - null null
2026-02-14 22:28:42.374 +02:00 [INF] The file /css/site.css was not modified
2026-02-14 22:28:42.375 +02:00 [INF] The file /ContactManager.Web.styles.css was not modified
2026-02-14 22:28:42.379 +02:00 [INF] The file /lib/jquery/dist/jquery.min.js was not modified
2026-02-14 22:28:42.389 +02:00 [INF] The file /lib/bootstrap/dist/css/bootstrap.min.css was not modified
2026-02-14 22:28:42.394 +02:00 [INF] The file /lib/bootstrap/dist/js/bootstrap.bundle.min.js was not modified
2026-02-14 22:28:42.396 +02:00 [INF] Request finished HTTP/1.1 GET http://localhost:5021/css/site.css?v=pAGv4ietcJNk_EwsQZ5BN9-K4MuNYS2a9wl4Jw-q9D0 - 304 null text/css 40.7301ms
2026-02-14 22:28:42.396 +02:00 [INF] Sending file. Request path: '/Frontend/css/contact-manager.css'. Physical path: 'E:\TestTask\Bits OrchestraTest Task\ContactManager.Web\wwwroot\Frontend\css\contact-manager.css'
2026-02-14 22:28:42.398 +02:00 [INF] Request finished HTTP/1.1 GET http://localhost:5021/ContactManager.Web.styles.css?v=D0W8AQKgf4DXqaqj5rDngk6jmdgqmFgQx74xdKbRzcg - 304 null text/css 41.3759ms
2026-02-14 22:28:42.401 +02:00 [INF] Request finished HTTP/1.1 GET http://localhost:5021/lib/jquery/dist/jquery.min.js - 304 null text/javascript 43.3083ms
2026-02-14 22:28:42.403 +02:00 [INF] Request finished HTTP/1.1 GET http://localhost:5021/lib/bootstrap/dist/css/bootstrap.min.css - 304 null text/css 40.2492ms
2026-02-14 22:28:42.405 +02:00 [INF] Request finished HTTP/1.1 GET http://localhost:5021/lib/bootstrap/dist/js/bootstrap.bundle.min.js - 304 null text/javascript 41.587ms
2026-02-14 22:28:42.412 +02:00 [INF] Request starting HTTP/1.1 GET http://localhost:5021/Frontend/js/contact-manager.js - null null
2026-02-14 22:28:42.414 +02:00 [INF] Request finished HTTP/1.1 GET http://localhost:5021/Frontend/css/contact-manager.css - 200 8031 text/css 58.505ms
2026-02-14 22:28:42.442 +02:00 [INF] Sending file. Request path: '/Frontend/js/contact-manager.js'. Physical path: 'E:\TestTask\Bits OrchestraTest Task\ContactManager.Web\wwwroot\Frontend\js\contact-manager.js'
2026-02-14 22:28:42.446 +02:00 [INF] Request starting HTTP/1.1 GET http://localhost:5021/js/site.js?v=hRQyftXiu1lLX2P9Ly9xa4gHJgLeR1uGN5qegUobtGo - null null
2026-02-14 22:28:42.449 +02:00 [INF] Request finished HTTP/1.1 GET http://localhost:5021/Frontend/js/contact-manager.js - 200 12991 text/javascript 37.5711ms
2026-02-14 22:28:42.455 +02:00 [INF] The file /js/site.js was not modified
2026-02-14 22:28:42.462 +02:00 [INF] Request finished HTTP/1.1 GET http://localhost:5021/js/site.js?v=hRQyftXiu1lLX2P9Ly9xa4gHJgLeR1uGN5qegUobtGo - 304 null text/javascript 15.3416ms
2026-02-14 22:28:42.721 +02:00 [INF] Request starting HTTP/1.1 GET http://localhost:5021/@vite/client - null null
2026-02-14 22:28:42.726 +02:00 [INF] No cached response available for this request.
2026-02-14 22:28:42.728 +02:00 [INF] The response could not be cached for this request.
2026-02-14 22:28:42.730 +02:00 [INF] Request finished HTTP/1.1 GET http://localhost:5021/@vite/client - 404 0 null 9.0919ms
2026-02-14 22:28:42.736 +02:00 [INF] Request reached the end of the middleware pipeline without being handled by application code. Request path: GET http://localhost:5021/@vite/client, Response status code: 404
2026-02-14 22:28:56.441 +02:00 [INF] Request starting HTTP/1.1 GET http://localhost:5021/swagger/index.html - null null
2026-02-14 22:28:56.447 +02:00 [INF] No cached response available for this request.
2026-02-14 22:28:56.449 +02:00 [INF] The response could not be cached for this request.
2026-02-14 22:28:56.451 +02:00 [INF] Request finished HTTP/1.1 GET http://localhost:5021/swagger/index.html - 304 null null 10.1467ms
2026-02-14 22:28:56.471 +02:00 [INF] Request starting HTTP/1.1 GET http://localhost:5021/swagger/index.css - null null
2026-02-14 22:28:56.471 +02:00 [INF] Request starting HTTP/1.1 GET http://localhost:5021/swagger/swagger-ui.css - null null
2026-02-14 22:28:56.472 +02:00 [INF] Request starting HTTP/1.1 GET http://localhost:5021/swagger/swagger-ui-bundle.js - null null
2026-02-14 22:28:56.473 +02:00 [INF] Request starting HTTP/1.1 GET http://localhost:5021/swagger/swagger-ui-standalone-preset.js - null null
2026-02-14 22:28:56.475 +02:00 [INF] Request starting HTTP/1.1 GET http://localhost:5021/swagger/index.js - null null
2026-02-14 22:28:56.478 +02:00 [INF] No cached response available for this request.
2026-02-14 22:28:56.483 +02:00 [INF] No cached response available for this request.
2026-02-14 22:28:56.489 +02:00 [INF] No cached response available for this request.
2026-02-14 22:28:56.495 +02:00 [INF] No cached response available for this request.
2026-02-14 22:28:56.499 +02:00 [INF] No cached response available for this request.
2026-02-14 22:28:56.501 +02:00 [INF] The response could not be cached for this request.
2026-02-14 22:28:56.502 +02:00 [INF] The response could not be cached for this request.
2026-02-14 22:28:56.503 +02:00 [INF] The response could not be cached for this request.
2026-02-14 22:28:56.504 +02:00 [INF] The response could not be cached for this request.
2026-02-14 22:28:56.506 +02:00 [INF] The response could not be cached for this request.
2026-02-14 22:28:56.507 +02:00 [INF] Request finished HTTP/1.1 GET http://localhost:5021/swagger/index.css - 304 null null 35.8731ms
2026-02-14 22:28:56.509 +02:00 [INF] Request finished HTTP/1.1 GET http://localhost:5021/swagger/swagger-ui.css - 304 null null 37.2138ms
2026-02-14 22:28:56.510 +02:00 [INF] Request finished HTTP/1.1 GET http://localhost:5021/swagger/swagger-ui-bundle.js - 304 null null 38.1523ms
2026-02-14 22:28:56.512 +02:00 [INF] Request finished HTTP/1.1 GET http://localhost:5021/swagger/swagger-ui-standalone-preset.js - 304 null null 38.6923ms
2026-02-14 22:28:56.514 +02:00 [INF] Request finished HTTP/1.1 GET http://localhost:5021/swagger/index.js - 304 null null 39.118ms
2026-02-14 22:28:56.644 +02:00 [INF] Request starting HTTP/1.1 GET http://localhost:5021/swagger/v1/swagger.json - null null
2026-02-14 22:28:56.650 +02:00 [INF] No cached response available for this request.
2026-02-14 22:28:56.662 +02:00 [INF] The response could not be cached for this request.
2026-02-14 22:28:56.665 +02:00 [INF] Request finished HTTP/1.1 GET http://localhost:5021/swagger/v1/swagger.json - 200 null application/json;charset=utf-8 21.1057ms
2026-02-14 22:28:56.674 +02:00 [INF] Request starting HTTP/1.1 GET http://localhost:5021/@vite/client - null null
2026-02-14 22:28:56.682 +02:00 [INF] No cached response available for this request.
2026-02-14 22:28:56.683 +02:00 [INF] The response could not be cached for this request.
2026-02-14 22:28:56.685 +02:00 [INF] Request finished HTTP/1.1 GET http://localhost:5021/@vite/client - 404 0 null 10.82ms
2026-02-14 22:28:56.691 +02:00 [INF] Request reached the end of the middleware pipeline without being handled by application code. Request path: GET http://localhost:5021/@vite/client, Response status code: 404
2026-02-14 22:29:13.572 +02:00 [INF] Request starting HTTP/1.1 GET http://localhost:5021/Contacts - null null
2026-02-14 22:29:13.577 +02:00 [INF] No cached response available for this request.
2026-02-14 22:29:13.579 +02:00 [INF] Executing endpoint 'ContactManager.Web.Controllers.ContactsController.Index (ContactManager.Web)'
2026-02-14 22:29:13.581 +02:00 [INF] Route matched with {action = "Index", controller = "Contacts"}. Executing controller action with signature System.Threading.Tasks.Task`1[Microsoft.AspNetCore.Mvc.IActionResult] Index() on controller ContactManager.Web.Controllers.ContactsController (ContactManager.Web).
2026-02-14 22:29:13.586 +02:00 [INF] Configuring SQLite database
2026-02-14 22:29:13.660 +02:00 [INF] Executing ViewResult, running view Index.
2026-02-14 22:29:13.670 +02:00 [INF] Executed ViewResult - view Index executed in 10.7972ms.
2026-02-14 22:29:13.673 +02:00 [INF] Executed action ContactManager.Web.Controllers.ContactsController.Index (ContactManager.Web) in 87.4104ms
2026-02-14 22:29:13.677 +02:00 [INF] Executed endpoint 'ContactManager.Web.Controllers.ContactsController.Index (ContactManager.Web)'
2026-02-14 22:29:13.680 +02:00 [INF] The response could not be cached for this request.
2026-02-14 22:29:13.685 +02:00 [INF] Request finished HTTP/1.1 GET http://localhost:5021/Contacts - 200 null text/html; charset=utf-8 113.2773ms
2026-02-14 22:29:13.814 +02:00 [INF] Request starting HTTP/1.1 GET http://localhost:5021/@vite/client - null null
2026-02-14 22:29:13.820 +02:00 [INF] No cached response available for this request.
2026-02-14 22:29:13.823 +02:00 [INF] The response could not be cached for this request.
2026-02-14 22:29:13.826 +02:00 [INF] Request finished HTTP/1.1 GET http://localhost:5021/@vite/client - 404 0 null 11.819ms
2026-02-14 22:29:13.833 +02:00 [INF] Request reached the end of the middleware pipeline without being handled by application code. Request path: GET http://localhost:5021/@vite/client, Response status code: 404
2026-02-14 22:50:56.045 +02:00 [INF] Starting database initialization
2026-02-14 22:50:56.176 +02:00 [INF] Configuring SQLite database
2026-02-14 22:50:56.324 +02:00 [INF] Starting database initialization
2026-02-14 22:50:56.955 +02:00 [INF] Initializing SQLite database
2026-02-14 22:50:56.973 +02:00 [INF] Found existing SQLite database, will recreate for clean state
2026-02-14 22:50:57.122 +02:00 [INF] Existing SQLite database deleted successfully
2026-02-14 22:50:57.526 +02:00 [INF] SQLite database and tables created successfully
2026-02-14 22:50:57.530 +02:00 [INF] Database initialization completed in 1205ms
2026-02-14 22:50:57.535 +02:00 [INF] Database initialization completed successfully
2026-02-14 22:50:57.677 +02:00 [INF] User profile is available. Using 'C:\Users\Eugene\AppData\Local\ASP.NET\DataProtection-Keys' as key repository and Windows DPAPI to encrypt keys at rest.
2026-02-14 22:50:57.784 +02:00 [INF] Now listening on: http://localhost:5021
2026-02-14 22:50:57.787 +02:00 [INF] Application started. Press Ctrl+C to shut down.
2026-02-14 22:50:57.790 +02:00 [INF] Hosting environment: Development
2026-02-14 22:50:57.792 +02:00 [INF] Content root path: E:\TestTask\Bits OrchestraTest Task\contactmanager.web
2026-02-14 22:51:13.417 +02:00 [INF] Request starting HTTP/1.1 GET http://localhost:5021/ - null null
2026-02-14 22:51:13.435 +02:00 [WRN] Failed to determine the https port for redirect.
2026-02-14 22:51:13.465 +02:00 [INF] No cached response available for this request.
2026-02-14 22:51:13.498 +02:00 [INF] Executing endpoint 'ContactManager.Web.Controllers.HomeController.Index (ContactManager.Web)'
2026-02-14 22:51:13.518 +02:00 [INF] Route matched with {action = "Index", controller = "Home"}. Executing controller action with signature Microsoft.AspNetCore.Mvc.IActionResult Index() on controller ContactManager.Web.Controllers.HomeController (ContactManager.Web).
2026-02-14 22:51:13.544 +02:00 [INF] Executing RedirectResult, redirecting to /Contacts.
2026-02-14 22:51:13.552 +02:00 [INF] Executed action ContactManager.Web.Controllers.HomeController.Index (ContactManager.Web) in 24.2635ms
2026-02-14 22:51:13.559 +02:00 [INF] Executed endpoint 'ContactManager.Web.Controllers.HomeController.Index (ContactManager.Web)'
2026-02-14 22:51:13.562 +02:00 [INF] The response could not be cached for this request.
2026-02-14 22:51:13.573 +02:00 [INF] Request finished HTTP/1.1 GET http://localhost:5021/ - 302 0 null 158.6215ms
2026-02-14 22:51:13.585 +02:00 [INF] Request starting HTTP/1.1 GET http://localhost:5021/Contacts - null null
2026-02-14 22:51:13.594 +02:00 [INF] No cached response available for this request.
2026-02-14 22:51:13.598 +02:00 [INF] Executing endpoint 'ContactManager.Web.Controllers.ContactsController.Index (ContactManager.Web)'
2026-02-14 22:51:13.609 +02:00 [INF] Route matched with {action = "Index", controller = "Contacts"}. Executing controller action with signature System.Threading.Tasks.Task`1[Microsoft.AspNetCore.Mvc.IActionResult] Index() on controller ContactManager.Web.Controllers.ContactsController (ContactManager.Web).
2026-02-14 22:51:13.615 +02:00 [INF] Configuring SQLite database
2026-02-14 22:51:13.972 +02:00 [INF] Executing ViewResult, running view Index.
2026-02-14 22:51:14.073 +02:00 [INF] Executed ViewResult - view Index executed in 106.5235ms.
2026-02-14 22:51:14.077 +02:00 [INF] Executed action ContactManager.Web.Controllers.ContactsController.Index (ContactManager.Web) in 462.8667ms
2026-02-14 22:51:14.080 +02:00 [INF] Executed endpoint 'ContactManager.Web.Controllers.ContactsController.Index (ContactManager.Web)'
2026-02-14 22:51:14.084 +02:00 [INF] The response could not be cached for this request.
2026-02-14 22:51:14.097 +02:00 [INF] Request finished HTTP/1.1 GET http://localhost:5021/Contacts - 200 null text/html; charset=utf-8 511.7666ms
2026-02-14 22:51:14.102 +02:00 [INF] Request starting HTTP/1.1 GET http://localhost:5021/Frontend/js/contact-manager.js - null null
2026-02-14 22:51:14.108 +02:00 [INF] Request starting HTTP/1.1 GET http://localhost:5021/Frontend/css/contact-manager.css - null null
2026-02-14 22:51:14.121 +02:00 [INF] The file /Frontend/js/contact-manager.js was not modified
2026-02-14 22:51:14.121 +02:00 [INF] The file /Frontend/css/contact-manager.css was not modified
2026-02-14 22:51:14.124 +02:00 [INF] Request finished HTTP/1.1 GET http://localhost:5021/Frontend/js/contact-manager.js - 304 null text/javascript 21.7899ms
2026-02-14 22:51:14.126 +02:00 [INF] Request finished HTTP/1.1 GET http://localhost:5021/Frontend/css/contact-manager.css - 304 null text/css 17.7592ms
2026-02-14 22:51:14.858 +02:00 [INF] Request starting HTTP/1.1 GET http://localhost:5021/@vite/client - null null
2026-02-14 22:51:14.866 +02:00 [INF] No cached response available for this request.
2026-02-14 22:51:14.869 +02:00 [INF] The response could not be cached for this request.
2026-02-14 22:51:14.871 +02:00 [INF] Request finished HTTP/1.1 GET http://localhost:5021/@vite/client - 404 0 null 12.9657ms
2026-02-14 22:51:14.878 +02:00 [INF] Request reached the end of the middleware pipeline without being handled by application code. Request path: GET http://localhost:5021/@vite/client, Response status code: 404
2026-02-14 22:52:26.004 +02:00 [INF] Request starting HTTP/1.1 GET http://localhost:5021/Contacts - null null
2026-02-14 22:52:26.010 +02:00 [INF] Executing endpoint 'ContactManager.Web.Controllers.ContactsController.Index (ContactManager.Web)'
2026-02-14 22:52:26.013 +02:00 [INF] Route matched with {action = "Index", controller = "Contacts"}. Executing controller action with signature System.Threading.Tasks.Task`1[Microsoft.AspNetCore.Mvc.IActionResult] Index() on controller ContactManager.Web.Controllers.ContactsController (ContactManager.Web).
2026-02-14 22:52:26.018 +02:00 [INF] Configuring SQLite database
2026-02-14 22:52:26.098 +02:00 [INF] Executing ViewResult, running view Index.
2026-02-14 22:52:26.110 +02:00 [INF] Executed ViewResult - view Index executed in 11.8603ms.
2026-02-14 22:52:26.113 +02:00 [INF] Executed action ContactManager.Web.Controllers.ContactsController.Index (ContactManager.Web) in 95.7027ms
2026-02-14 22:52:26.116 +02:00 [INF] Executed endpoint 'ContactManager.Web.Controllers.ContactsController.Index (ContactManager.Web)'
2026-02-14 22:52:26.120 +02:00 [INF] The response could not be cached for this request.
2026-02-14 22:52:26.125 +02:00 [INF] Request finished HTTP/1.1 GET http://localhost:5021/Contacts - 200 null text/html; charset=utf-8 121.0464ms
2026-02-14 22:52:26.134 +02:00 [INF] Request starting HTTP/1.1 GET http://localhost:5021/lib/bootstrap/dist/css/bootstrap.min.css - null null
2026-02-14 22:52:26.137 +02:00 [INF] Request starting HTTP/1.1 GET http://localhost:5021/css/site.css?v=pAGv4ietcJNk_EwsQZ5BN9-K4MuNYS2a9wl4Jw-q9D0 - null null
2026-02-14 22:52:26.147 +02:00 [INF] Request starting HTTP/1.1 GET http://localhost:5021/Frontend/css/contact-manager.css - null null
2026-02-14 22:52:26.147 +02:00 [INF] Request starting HTTP/1.1 GET http://localhost:5021/ContactManager.Web.styles.css?v=D0W8AQKgf4DXqaqj5rDngk6jmdgqmFgQx74xdKbRzcg - null null
2026-02-14 22:52:26.147 +02:00 [INF] Request starting HTTP/1.1 GET http://localhost:5021/lib/bootstrap/dist/js/bootstrap.bundle.min.js - null null
2026-02-14 22:52:26.147 +02:00 [INF] Request starting HTTP/1.1 GET http://localhost:5021/lib/jquery/dist/jquery.min.js - null null
2026-02-14 22:52:26.162 +02:00 [INF] Sending file. Request path: '/css/site.css'. Physical path: 'E:\TestTask\Bits OrchestraTest Task\contactmanager.web\wwwroot\css\site.css'
2026-02-14 22:52:26.162 +02:00 [INF] Sending file. Request path: '/lib/bootstrap/dist/css/bootstrap.min.css'. Physical path: 'E:\TestTask\Bits OrchestraTest Task\contactmanager.web\wwwroot\lib\bootstrap\dist\css\bootstrap.min.css'
2026-02-14 22:52:26.163 +02:00 [INF] Sending file. Request path: '/Frontend/css/contact-manager.css'. Physical path: 'E:\TestTask\Bits OrchestraTest Task\contactmanager.web\wwwroot\Frontend\css\contact-manager.css'
2026-02-14 22:52:26.167 +02:00 [INF] Sending file. Request path: '/ContactManager.Web.styles.css'. Physical path: 'E:\TestTask\Bits OrchestraTest Task\contactmanager.web\obj\Debug\net8.0\scopedcss\bundle\ContactManager.Web.styles.css'
2026-02-14 22:52:26.172 +02:00 [INF] Sending file. Request path: '/lib/bootstrap/dist/js/bootstrap.bundle.min.js'. Physical path: 'E:\TestTask\Bits OrchestraTest Task\contactmanager.web\wwwroot\lib\bootstrap\dist\js\bootstrap.bundle.min.js'
2026-02-14 22:52:26.177 +02:00 [INF] Sending file. Request path: '/lib/jquery/dist/jquery.min.js'. Physical path: 'E:\TestTask\Bits OrchestraTest Task\contactmanager.web\wwwroot\lib\jquery\dist\jquery.min.js'
2026-02-14 22:52:26.178 +02:00 [INF] Request finished HTTP/1.1 GET http://localhost:5021/css/site.css?v=pAGv4ietcJNk_EwsQZ5BN9-K4MuNYS2a9wl4Jw-q9D0 - 200 362 text/css 40.2891ms
2026-02-14 22:52:26.183 +02:00 [INF] Request finished HTTP/1.1 GET http://localhost:5021/lib/bootstrap/dist/css/bootstrap.min.css - 200 162720 text/css 48.2949ms
2026-02-14 22:52:26.184 +02:00 [INF] Request finished HTTP/1.1 GET http://localhost:5021/Frontend/css/contact-manager.css - 200 8031 text/css 36.9477ms
2026-02-14 22:52:26.187 +02:00 [INF] Request finished HTTP/1.1 GET http://localhost:5021/ContactManager.Web.styles.css?v=D0W8AQKgf4DXqaqj5rDngk6jmdgqmFgQx74xdKbRzcg - 200 1136 text/css 39.8768ms
2026-02-14 22:52:26.189 +02:00 [INF] Request finished HTTP/1.1 GET http://localhost:5021/lib/bootstrap/dist/js/bootstrap.bundle.min.js - 200 78468 text/javascript 41.6664ms
2026-02-14 22:52:26.192 +02:00 [INF] Request finished HTTP/1.1 GET http://localhost:5021/lib/jquery/dist/jquery.min.js - 200 89501 text/javascript 44.511ms
2026-02-14 22:52:26.197 +02:00 [INF] Request starting HTTP/1.1 GET http://localhost:5021/Frontend/js/contact-manager.js - null null
2026-02-14 22:52:26.204 +02:00 [INF] Request starting HTTP/1.1 GET http://localhost:5021/js/site.js?v=hRQyftXiu1lLX2P9Ly9xa4gHJgLeR1uGN5qegUobtGo - null null
2026-02-14 22:52:26.229 +02:00 [INF] Sending file. Request path: '/Frontend/js/contact-manager.js'. Physical path: 'E:\TestTask\Bits OrchestraTest Task\contactmanager.web\wwwroot\Frontend\js\contact-manager.js'
2026-02-14 22:52:26.234 +02:00 [INF] Sending file. Request path: '/js/site.js'. Physical path: 'E:\TestTask\Bits OrchestraTest Task\contactmanager.web\wwwroot\js\site.js'
2026-02-14 22:52:26.236 +02:00 [INF] Request finished HTTP/1.1 GET http://localhost:5021/Frontend/js/contact-manager.js - 200 12991 text/javascript 38.388ms
2026-02-14 22:52:26.239 +02:00 [INF] Request finished HTTP/1.1 GET http://localhost:5021/js/site.js?v=hRQyftXiu1lLX2P9Ly9xa4gHJgLeR1uGN5qegUobtGo - 200 231 text/javascript 35.043ms
2026-02-14 22:52:26.426 +02:00 [INF] Request starting HTTP/1.1 GET http://localhost:5021/@vite/client - null null
2026-02-14 22:52:26.431 +02:00 [INF] No cached response available for this request.
2026-02-14 22:52:26.433 +02:00 [INF] The response could not be cached for this request.
2026-02-14 22:52:26.435 +02:00 [INF] Request finished HTTP/1.1 GET http://localhost:5021/@vite/client - 404 0 null 8.6127ms
2026-02-14 22:52:26.443 +02:00 [INF] Request reached the end of the middleware pipeline without being handled by application code. Request path: GET http://localhost:5021/@vite/client, Response status code: 404
2026-02-14 22:52:28.415 +02:00 [INF] Request starting HTTP/1.1 GET http://localhost:5021/ - null null
2026-02-14 22:52:28.420 +02:00 [INF] No cached response available for this request.
2026-02-14 22:52:28.421 +02:00 [INF] Executing endpoint 'ContactManager.Web.Controllers.HomeController.Index (ContactManager.Web)'
2026-02-14 22:52:28.424 +02:00 [INF] Route matched with {action = "Index", controller = "Home"}. Executing controller action with signature Microsoft.AspNetCore.Mvc.IActionResult Index() on controller ContactManager.Web.Controllers.HomeController (ContactManager.Web).
2026-02-14 22:52:28.430 +02:00 [INF] Executing RedirectResult, redirecting to /Contacts.
2026-02-14 22:52:28.432 +02:00 [INF] Executed action ContactManager.Web.Controllers.HomeController.Index (ContactManager.Web) in 2.7771ms
2026-02-14 22:52:28.434 +02:00 [INF] Executed endpoint 'ContactManager.Web.Controllers.HomeController.Index (ContactManager.Web)'
2026-02-14 22:52:28.437 +02:00 [INF] The response could not be cached for this request.
2026-02-14 22:52:28.438 +02:00 [INF] Request finished HTTP/1.1 GET http://localhost:5021/ - 302 0 null 23.4853ms
2026-02-14 22:52:28.444 +02:00 [INF] Request starting HTTP/1.1 GET http://localhost:5021/Contacts - null null
2026-02-14 22:52:28.448 +02:00 [INF] No cached response available for this request.
2026-02-14 22:52:28.450 +02:00 [INF] Executing endpoint 'ContactManager.Web.Controllers.ContactsController.Index (ContactManager.Web)'
2026-02-14 22:52:28.452 +02:00 [INF] Route matched with {action = "Index", controller = "Contacts"}. Executing controller action with signature System.Threading.Tasks.Task`1[Microsoft.AspNetCore.Mvc.IActionResult] Index() on controller ContactManager.Web.Controllers.ContactsController (ContactManager.Web).
2026-02-14 22:52:28.458 +02:00 [INF] Configuring SQLite database
2026-02-14 22:52:28.464 +02:00 [INF] Executing ViewResult, running view Index.
2026-02-14 22:52:28.470 +02:00 [INF] Executed ViewResult - view Index executed in 5.5079ms.
2026-02-14 22:52:28.473 +02:00 [INF] Executed action ContactManager.Web.Controllers.ContactsController.Index (ContactManager.Web) in 17.4005ms
2026-02-14 22:52:28.476 +02:00 [INF] Executed endpoint 'ContactManager.Web.Controllers.ContactsController.Index (ContactManager.Web)'
2026-02-14 22:52:28.479 +02:00 [INF] The response could not be cached for this request.
2026-02-14 22:52:28.481 +02:00 [INF] Request finished HTTP/1.1 GET http://localhost:5021/Contacts - 200 null text/html; charset=utf-8 36.9522ms
2026-02-14 22:52:28.610 +02:00 [INF] Request starting HTTP/1.1 GET http://localhost:5021/@vite/client - null null
2026-02-14 22:52:28.616 +02:00 [INF] No cached response available for this request.
2026-02-14 22:52:28.617 +02:00 [INF] The response could not be cached for this request.
2026-02-14 22:52:28.619 +02:00 [INF] Request finished HTTP/1.1 GET http://localhost:5021/@vite/client - 404 0 null 8.4648ms
2026-02-14 22:52:28.624 +02:00 [INF] Request reached the end of the middleware pipeline without being handled by application code. Request path: GET http://localhost:5021/@vite/client, Response status code: 404
2026-02-14 22:52:30.301 +02:00 [INF] Request starting HTTP/1.1 GET http://localhost:5021/ - null null
2026-02-14 22:52:30.306 +02:00 [INF] No cached response available for this request.
2026-02-14 22:52:30.308 +02:00 [INF] Executing endpoint 'ContactManager.Web.Controllers.HomeController.Index (ContactManager.Web)'
2026-02-14 22:52:30.310 +02:00 [INF] Route matched with {action = "Index", controller = "Home"}. Executing controller action with signature Microsoft.AspNetCore.Mvc.IActionResult Index() on controller ContactManager.Web.Controllers.HomeController (ContactManager.Web).
2026-02-14 22:52:30.315 +02:00 [INF] Executing RedirectResult, redirecting to /Contacts.
2026-02-14 22:52:30.318 +02:00 [INF] Executed action ContactManager.Web.Controllers.HomeController.Index (ContactManager.Web) in 3.2146ms
2026-02-14 22:52:30.321 +02:00 [INF] Executed endpoint 'ContactManager.Web.Controllers.HomeController.Index (ContactManager.Web)'
2026-02-14 22:52:30.323 +02:00 [INF] The response could not be cached for this request.
2026-02-14 22:52:30.326 +02:00 [INF] Request finished HTTP/1.1 GET http://localhost:5021/ - 302 0 null 24.585ms
2026-02-14 22:52:30.332 +02:00 [INF] Request starting HTTP/1.1 GET http://localhost:5021/Contacts - null null
2026-02-14 22:52:30.338 +02:00 [INF] No cached response available for this request.
2026-02-14 22:52:30.340 +02:00 [INF] Executing endpoint 'ContactManager.Web.Controllers.ContactsController.Index (ContactManager.Web)'
2026-02-14 22:52:30.342 +02:00 [INF] Route matched with {action = "Index", controller = "Contacts"}. Executing controller action with signature System.Threading.Tasks.Task`1[Microsoft.AspNetCore.Mvc.IActionResult] Index() on controller ContactManager.Web.Controllers.ContactsController (ContactManager.Web).
2026-02-14 22:52:30.346 +02:00 [INF] Configuring SQLite database
2026-02-14 22:52:30.350 +02:00 [INF] Executing ViewResult, running view Index.
2026-02-14 22:52:30.354 +02:00 [INF] Executed ViewResult - view Index executed in 4.2035ms.
2026-02-14 22:52:30.357 +02:00 [INF] Executed action ContactManager.Web.Controllers.ContactsController.Index (ContactManager.Web) in 10.5253ms
2026-02-14 22:52:30.360 +02:00 [INF] Executed endpoint 'ContactManager.Web.Controllers.ContactsController.Index (ContactManager.Web)'
2026-02-14 22:52:30.362 +02:00 [INF] The response could not be cached for this request.
2026-02-14 22:52:30.365 +02:00 [INF] Request finished HTTP/1.1 GET http://localhost:5021/Contacts - 200 null text/html; charset=utf-8 32.9382ms
2026-02-14 22:52:30.492 +02:00 [INF] Request starting HTTP/1.1 GET http://localhost:5021/@vite/client - null null
2026-02-14 22:52:30.497 +02:00 [INF] No cached response available for this request.
2026-02-14 22:52:30.499 +02:00 [INF] The response could not be cached for this request.
2026-02-14 22:52:30.501 +02:00 [INF] Request finished HTTP/1.1 GET http://localhost:5021/@vite/client - 404 0 null 8.3434ms
2026-02-14 22:52:30.507 +02:00 [INF] Request reached the end of the middleware pipeline without being handled by application code. Request path: GET http://localhost:5021/@vite/client, Response status code: 404
2026-02-14 22:52:33.636 +02:00 [INF] Request starting HTTP/1.1 GET http://localhost:5021/Contacts - null null
2026-02-14 22:52:33.641 +02:00 [INF] No cached response available for this request.
2026-02-14 22:52:33.642 +02:00 [INF] Executing endpoint 'ContactManager.Web.Controllers.ContactsController.Index (ContactManager.Web)'
2026-02-14 22:52:33.645 +02:00 [INF] Route matched with {action = "Index", controller = "Contacts"}. Executing controller action with signature System.Threading.Tasks.Task`1[Microsoft.AspNetCore.Mvc.IActionResult] Index() on controller ContactManager.Web.Controllers.ContactsController (ContactManager.Web).
2026-02-14 22:52:33.652 +02:00 [INF] Configuring SQLite database
2026-02-14 22:52:33.657 +02:00 [INF] Executing ViewResult, running view Index.
2026-02-14 22:52:33.662 +02:00 [INF] Executed ViewResult - view Index executed in 4.9897ms.
2026-02-14 22:52:33.665 +02:00 [INF] Executed action ContactManager.Web.Controllers.ContactsController.Index (ContactManager.Web) in 13.5034ms
2026-02-14 22:52:33.668 +02:00 [INF] Executed endpoint 'ContactManager.Web.Controllers.ContactsController.Index (ContactManager.Web)'
2026-02-14 22:52:33.671 +02:00 [INF] The response could not be cached for this request.
2026-02-14 22:52:33.673 +02:00 [INF] Request finished HTTP/1.1 GET http://localhost:5021/Contacts - 200 null text/html; charset=utf-8 37.531ms
2026-02-14 22:52:33.784 +02:00 [INF] Request starting HTTP/1.1 GET http://localhost:5021/@vite/client - null null
2026-02-14 22:52:33.789 +02:00 [INF] No cached response available for this request.
2026-02-14 22:52:33.791 +02:00 [INF] The response could not be cached for this request.
2026-02-14 22:52:33.793 +02:00 [INF] Request finished HTTP/1.1 GET http://localhost:5021/@vite/client - 404 0 null 8.6624ms
2026-02-14 22:52:33.800 +02:00 [INF] Request reached the end of the middleware pipeline without being handled by application code. Request path: GET http://localhost:5021/@vite/client, Response status code: 404
2026-02-14 22:52:34.994 +02:00 [INF] Request starting HTTP/1.1 GET http://localhost:5021/swagger/index.html - null null
2026-02-14 22:52:35.000 +02:00 [INF] No cached response available for this request.
2026-02-14 22:52:35.095 +02:00 [INF] The response could not be cached for this request.
2026-02-14 22:52:35.098 +02:00 [INF] Request finished HTTP/1.1 GET http://localhost:5021/swagger/index.html - 304 null null 103.9634ms
2026-02-14 22:52:35.114 +02:00 [INF] Request starting HTTP/1.1 GET http://localhost:5021/swagger/swagger-ui.css - null null
2026-02-14 22:52:35.115 +02:00 [INF] Request starting HTTP/1.1 GET http://localhost:5021/swagger/index.css - null null
2026-02-14 22:52:35.116 +02:00 [INF] Request starting HTTP/1.1 GET http://localhost:5021/swagger/swagger-ui-bundle.js - null null
2026-02-14 22:52:35.116 +02:00 [INF] Request starting HTTP/1.1 GET http://localhost:5021/swagger/swagger-ui-standalone-preset.js - null null
2026-02-14 22:52:35.116 +02:00 [INF] Request starting HTTP/1.1 GET http://localhost:5021/swagger/index.js - null null
2026-02-14 22:52:35.121 +02:00 [INF] No cached response available for this request.
2026-02-14 22:52:35.126 +02:00 [INF] No cached response available for this request.
2026-02-14 22:52:35.130 +02:00 [INF] No cached response available for this request.
2026-02-14 22:52:35.134 +02:00 [INF] No cached response available for this request.
2026-02-14 22:52:35.138 +02:00 [INF] No cached response available for this request.
2026-02-14 22:52:35.146 +02:00 [INF] The response could not be cached for this request.
2026-02-14 22:52:35.146 +02:00 [INF] The response could not be cached for this request.
2026-02-14 22:52:35.147 +02:00 [INF] The response could not be cached for this request.
2026-02-14 22:52:35.148 +02:00 [INF] The response could not be cached for this request.
2026-02-14 22:52:35.150 +02:00 [INF] Request finished HTTP/1.1 GET http://localhost:5021/swagger/index.css - 304 null null 35.4691ms
2026-02-14 22:52:35.152 +02:00 [INF] Request finished HTTP/1.1 GET http://localhost:5021/swagger/swagger-ui.css - 304 null null 38.0819ms
2026-02-14 22:52:35.154 +02:00 [INF] Request finished HTTP/1.1 GET http://localhost:5021/swagger/swagger-ui-standalone-preset.js - 304 null null 38.0353ms
2026-02-14 22:52:35.156 +02:00 [INF] Request finished HTTP/1.1 GET http://localhost:5021/swagger/index.js - 304 null null 39.364ms
2026-02-14 22:52:35.158 +02:00 [INF] The response could not be cached for this request.
2026-02-14 22:52:35.183 +02:00 [INF] Request finished HTTP/1.1 GET http://localhost:5021/swagger/swagger-ui-bundle.js - 304 null null 66.715ms
2026-02-14 22:52:35.354 +02:00 [INF] Request starting HTTP/1.1 GET http://localhost:5021/swagger/v1/swagger.json - null null
2026-02-14 22:52:35.359 +02:00 [INF] No cached response available for this request.
2026-02-14 22:52:35.407 +02:00 [INF] Request starting HTTP/1.1 GET http://localhost:5021/@vite/client - null null
2026-02-14 22:52:35.412 +02:00 [INF] No cached response available for this request.
2026-02-14 22:52:35.413 +02:00 [INF] The response could not be cached for this request.
2026-02-14 22:52:35.415 +02:00 [INF] Request finished HTTP/1.1 GET http://localhost:5021/@vite/client - 404 0 null 8.6983ms
2026-02-14 22:52:35.422 +02:00 [INF] Request reached the end of the middleware pipeline without being handled by application code. Request path: GET http://localhost:5021/@vite/client, Response status code: 404
2026-02-14 22:52:35.559 +02:00 [INF] The response could not be cached for this request.
2026-02-14 22:52:35.561 +02:00 [INF] Request finished HTTP/1.1 GET http://localhost:5021/swagger/v1/swagger.json - 200 null application/json;charset=utf-8 207.3347ms
2026-02-14 22:52:38.557 +02:00 [INF] Request starting HTTP/1.1 GET http://localhost:5021/Contacts - null null
2026-02-14 22:52:38.563 +02:00 [INF] No cached response available for this request.
2026-02-14 22:52:38.565 +02:00 [INF] Executing endpoint 'ContactManager.Web.Controllers.ContactsController.Index (ContactManager.Web)'
2026-02-14 22:52:38.567 +02:00 [INF] Route matched with {action = "Index", controller = "Contacts"}. Executing controller action with signature System.Threading.Tasks.Task`1[Microsoft.AspNetCore.Mvc.IActionResult] Index() on controller ContactManager.Web.Controllers.ContactsController (ContactManager.Web).
2026-02-14 22:52:38.572 +02:00 [INF] Configuring SQLite database
2026-02-14 22:52:38.575 +02:00 [INF] Executing ViewResult, running view Index.
2026-02-14 22:52:38.580 +02:00 [INF] Executed ViewResult - view Index executed in 4.2641ms.
2026-02-14 22:52:38.583 +02:00 [INF] Executed action ContactManager.Web.Controllers.ContactsController.Index (ContactManager.Web) in 11.7497ms
2026-02-14 22:52:38.587 +02:00 [INF] Executed endpoint 'ContactManager.Web.Controllers.ContactsController.Index (ContactManager.Web)'
2026-02-14 22:52:38.589 +02:00 [INF] The response could not be cached for this request.
2026-02-14 22:52:38.593 +02:00 [INF] Request finished HTTP/1.1 GET http://localhost:5021/Contacts - 200 null text/html; charset=utf-8 35.6663ms
2026-02-14 22:52:38.714 +02:00 [INF] Request starting HTTP/1.1 GET http://localhost:5021/@vite/client - null null
2026-02-14 22:52:38.719 +02:00 [INF] No cached response available for this request.
2026-02-14 22:52:38.721 +02:00 [INF] The response could not be cached for this request.
2026-02-14 22:52:38.723 +02:00 [INF] Request finished HTTP/1.1 GET http://localhost:5021/@vite/client - 404 0 null 9.3346ms
2026-02-14 22:52:38.729 +02:00 [INF] Request reached the end of the middleware pipeline without being handled by application code. Request path: GET http://localhost:5021/@vite/client, Response status code: 404
2026-02-14 22:52:41.119 +02:00 [INF] Request starting HTTP/1.1 GET http://localhost:5021/Home/Privacy - null null
2026-02-14 22:52:41.124 +02:00 [INF] No cached response available for this request.
2026-02-14 22:52:41.126 +02:00 [INF] Executing endpoint 'ContactManager.Web.Controllers.HomeController.Privacy (ContactManager.Web)'
2026-02-14 22:52:41.130 +02:00 [INF] Route matched with {action = "Privacy", controller = "Home"}. Executing controller action with signature Microsoft.AspNetCore.Mvc.IActionResult Privacy() on controller ContactManager.Web.Controllers.HomeController (ContactManager.Web).
2026-02-14 22:52:41.138 +02:00 [INF] Executing ViewResult, running view Privacy.
2026-02-14 22:52:41.147 +02:00 [INF] Executed ViewResult - view Privacy executed in 11.3237ms.
2026-02-14 22:52:41.151 +02:00 [INF] Executed action ContactManager.Web.Controllers.HomeController.Privacy (ContactManager.Web) in 15.5193ms
2026-02-14 22:52:41.154 +02:00 [INF] Executed endpoint 'ContactManager.Web.Controllers.HomeController.Privacy (ContactManager.Web)'
2026-02-14 22:52:41.157 +02:00 [INF] The response could not be cached for this request.
2026-02-14 22:52:41.159 +02:00 [INF] Request finished HTTP/1.1 GET http://localhost:5021/Home/Privacy - 200 null text/html; charset=utf-8 39.9284ms
2026-02-14 22:52:41.544 +02:00 [INF] Request starting HTTP/1.1 GET http://localhost:5021/@vite/client - null null
2026-02-14 22:52:41.549 +02:00 [INF] No cached response available for this request.
2026-02-14 22:52:41.551 +02:00 [INF] The response could not be cached for this request.
2026-02-14 22:52:41.553 +02:00 [INF] Request finished HTTP/1.1 GET http://localhost:5021/@vite/client - 404 0 null 8.7819ms
2026-02-14 22:52:41.558 +02:00 [INF] Request reached the end of the middleware pipeline without being handled by application code. Request path: GET http://localhost:5021/@vite/client, Response status code: 404
2026-02-14 22:53:11.148 +02:00 [INF] Request starting HTTP/1.1 GET http://localhost:5021/ - null null
2026-02-14 22:53:11.153 +02:00 [INF] No cached response available for this request.
2026-02-14 22:53:11.155 +02:00 [INF] Executing endpoint 'ContactManager.Web.Controllers.HomeController.Index (ContactManager.Web)'
2026-02-14 22:53:11.157 +02:00 [INF] Route matched with {action = "Index", controller = "Home"}. Executing controller action with signature Microsoft.AspNetCore.Mvc.IActionResult Index() on controller ContactManager.Web.Controllers.HomeController (ContactManager.Web).
2026-02-14 22:53:11.160 +02:00 [INF] Executing RedirectResult, redirecting to /Contacts.
2026-02-14 22:53:11.163 +02:00 [INF] Executed action ContactManager.Web.Controllers.HomeController.Index (ContactManager.Web) in 2.4434ms
2026-02-14 22:53:11.165 +02:00 [INF] Executed endpoint 'ContactManager.Web.Controllers.HomeController.Index (ContactManager.Web)'
2026-02-14 22:53:11.168 +02:00 [INF] The response could not be cached for this request.
2026-02-14 22:53:11.170 +02:00 [INF] Request finished HTTP/1.1 GET http://localhost:5021/ - 302 0 null 21.1835ms
2026-02-14 22:53:11.177 +02:00 [INF] Request starting HTTP/1.1 GET http://localhost:5021/Contacts - null null
2026-02-14 22:53:11.183 +02:00 [INF] No cached response available for this request.
2026-02-14 22:53:11.185 +02:00 [INF] Executing endpoint 'ContactManager.Web.Controllers.ContactsController.Index (ContactManager.Web)'
2026-02-14 22:53:11.188 +02:00 [INF] Route matched with {action = "Index", controller = "Contacts"}. Executing controller action with signature System.Threading.Tasks.Task`1[Microsoft.AspNetCore.Mvc.IActionResult] Index() on controller ContactManager.Web.Controllers.ContactsController (ContactManager.Web).
2026-02-14 22:53:11.193 +02:00 [INF] Configuring SQLite database
2026-02-14 22:53:11.196 +02:00 [INF] Executing ViewResult, running view Index.
2026-02-14 22:53:11.199 +02:00 [INF] Executed ViewResult - view Index executed in 3.1322ms.
2026-02-14 22:53:11.202 +02:00 [INF] Executed action ContactManager.Web.Controllers.ContactsController.Index (ContactManager.Web) in 9.564ms
2026-02-14 22:53:11.206 +02:00 [INF] Executed endpoint 'ContactManager.Web.Controllers.ContactsController.Index (ContactManager.Web)'
2026-02-14 22:53:11.209 +02:00 [INF] The response could not be cached for this request.
2026-02-14 22:53:11.211 +02:00 [INF] Request finished HTTP/1.1 GET http://localhost:5021/Contacts - 200 null text/html; charset=utf-8 34.1277ms
2026-02-14 22:53:11.349 +02:00 [INF] Request starting HTTP/1.1 GET http://localhost:5021/@vite/client - null null
2026-02-14 22:53:11.354 +02:00 [INF] No cached response available for this request.
2026-02-14 22:53:11.356 +02:00 [INF] The response could not be cached for this request.
2026-02-14 22:53:11.358 +02:00 [INF] Request finished HTTP/1.1 GET http://localhost:5021/@vite/client - 404 0 null 8.4439ms
2026-02-14 22:53:11.365 +02:00 [INF] Request reached the end of the middleware pipeline without being handled by application code. Request path: GET http://localhost:5021/@vite/client, Response status code: 404
2026-02-14 22:53:12.764 +02:00 [INF] Request starting HTTP/1.1 GET http://localhost:5021/Contacts - null null
2026-02-14 22:53:12.876 +02:00 [INF] No cached response available for this request.
2026-02-14 22:53:12.878 +02:00 [INF] Executing endpoint 'ContactManager.Web.Controllers.ContactsController.Index (ContactManager.Web)'
2026-02-14 22:53:12.881 +02:00 [INF] Route matched with {action = "Index", controller = "Contacts"}. Executing controller action with signature System.Threading.Tasks.Task`1[Microsoft.AspNetCore.Mvc.IActionResult] Index() on controller ContactManager.Web.Controllers.ContactsController (ContactManager.Web).
2026-02-14 22:53:12.884 +02:00 [INF] Configuring SQLite database
2026-02-14 22:53:12.887 +02:00 [INF] Executing ViewResult, running view Index.
2026-02-14 22:53:12.890 +02:00 [INF] Executed ViewResult - view Index executed in 3.4037ms.
2026-02-14 22:53:12.893 +02:00 [INF] Executed action ContactManager.Web.Controllers.ContactsController.Index (ContactManager.Web) in 9.0698ms
2026-02-14 22:53:12.896 +02:00 [INF] Executed endpoint 'ContactManager.Web.Controllers.ContactsController.Index (ContactManager.Web)'
2026-02-14 22:53:12.899 +02:00 [INF] The response could not be cached for this request.
2026-02-14 22:53:12.902 +02:00 [INF] Request finished HTTP/1.1 GET http://localhost:5021/Contacts - 200 null text/html; charset=utf-8 137.0599ms
2026-02-14 22:53:13.027 +02:00 [INF] Request starting HTTP/1.1 GET http://localhost:5021/@vite/client - null null
2026-02-14 22:53:13.032 +02:00 [INF] No cached response available for this request.
2026-02-14 22:53:13.034 +02:00 [INF] The response could not be cached for this request.
2026-02-14 22:53:13.036 +02:00 [INF] Request finished HTTP/1.1 GET http://localhost:5021/@vite/client - 404 0 null 8.6081ms
2026-02-14 22:53:13.041 +02:00 [INF] Request reached the end of the middleware pipeline without being handled by application code. Request path: GET http://localhost:5021/@vite/client, Response status code: 404
2026-02-14 22:53:13.946 +02:00 [INF] Request starting HTTP/1.1 GET http://localhost:5021/Contacts - null null
2026-02-14 22:53:13.951 +02:00 [INF] No cached response available for this request.
2026-02-14 22:53:13.953 +02:00 [INF] Executing endpoint 'ContactManager.Web.Controllers.ContactsController.Index (ContactManager.Web)'
2026-02-14 22:53:13.955 +02:00 [INF] Route matched with {action = "Index", controller = "Contacts"}. Executing controller action with signature System.Threading.Tasks.Task`1[Microsoft.AspNetCore.Mvc.IActionResult] Index() on controller ContactManager.Web.Controllers.ContactsController (ContactManager.Web).
2026-02-14 22:53:13.960 +02:00 [INF] Configuring SQLite database
2026-02-14 22:53:13.965 +02:00 [INF] Executing ViewResult, running view Index.
2026-02-14 22:53:13.969 +02:00 [INF] Executed ViewResult - view Index executed in 3.8945ms.
2026-02-14 22:53:13.972 +02:00 [INF] Executed action ContactManager.Web.Controllers.ContactsController.Index (ContactManager.Web) in 12.05ms
2026-02-14 22:53:13.975 +02:00 [INF] Executed endpoint 'ContactManager.Web.Controllers.ContactsController.Index (ContactManager.Web)'
2026-02-14 22:53:13.979 +02:00 [INF] The response could not be cached for this request.
2026-02-14 22:53:13.981 +02:00 [INF] Request finished HTTP/1.1 GET http://localhost:5021/Contacts - 200 null text/html; charset=utf-8 34.6299ms
2026-02-14 22:53:14.092 +02:00 [INF] Request starting HTTP/1.1 GET http://localhost:5021/@vite/client - null null
2026-02-14 22:53:14.098 +02:00 [INF] No cached response available for this request.
2026-02-14 22:53:14.099 +02:00 [INF] The response could not be cached for this request.
2026-02-14 22:53:14.101 +02:00 [INF] Request finished HTTP/1.1 GET http://localhost:5021/@vite/client - 404 0 null 8.7009ms
2026-02-14 22:53:14.106 +02:00 [INF] Request reached the end of the middleware pipeline without being handled by application code. Request path: GET http://localhost:5021/@vite/client, Response status code: 404
2026-02-14 22:53:25.107 +02:00 [INF] Request starting HTTP/1.1 GET http://localhost:5021/ - null null
2026-02-14 22:53:25.112 +02:00 [INF] No cached response available for this request.
2026-02-14 22:53:25.114 +02:00 [INF] Executing endpoint 'ContactManager.Web.Controllers.HomeController.Index (ContactManager.Web)'
2026-02-14 22:53:25.116 +02:00 [INF] Route matched with {action = "Index", controller = "Home"}. Executing controller action with signature Microsoft.AspNetCore.Mvc.IActionResult Index() on controller ContactManager.Web.Controllers.HomeController (ContactManager.Web).
2026-02-14 22:53:25.121 +02:00 [INF] Executing RedirectResult, redirecting to /Contacts.
2026-02-14 22:53:25.123 +02:00 [INF] Executed action ContactManager.Web.Controllers.HomeController.Index (ContactManager.Web) in 2.7733ms
2026-02-14 22:53:25.126 +02:00 [INF] Executed endpoint 'ContactManager.Web.Controllers.HomeController.Index (ContactManager.Web)'
2026-02-14 22:53:25.128 +02:00 [INF] The response could not be cached for this request.
2026-02-14 22:53:25.130 +02:00 [INF] Request finished HTTP/1.1 GET http://localhost:5021/ - 302 0 null 23.3193ms
2026-02-14 22:53:25.138 +02:00 [INF] Request starting HTTP/1.1 GET http://localhost:5021/Contacts - null null
2026-02-14 22:53:25.144 +02:00 [INF] No cached response available for this request.
2026-02-14 22:53:25.147 +02:00 [INF] Executing endpoint 'ContactManager.Web.Controllers.ContactsController.Index (ContactManager.Web)'
2026-02-14 22:53:25.149 +02:00 [INF] Route matched with {action = "Index", controller = "Contacts"}. Executing controller action with signature System.Threading.Tasks.Task`1[Microsoft.AspNetCore.Mvc.IActionResult] Index() on controller ContactManager.Web.Controllers.ContactsController (ContactManager.Web).
2026-02-14 22:53:25.153 +02:00 [INF] Configuring SQLite database
2026-02-14 22:53:25.156 +02:00 [INF] Executing ViewResult, running view Index.
2026-02-14 22:53:25.160 +02:00 [INF] Executed ViewResult - view Index executed in 3.4715ms.
2026-02-14 22:53:25.162 +02:00 [INF] Executed action ContactManager.Web.Controllers.ContactsController.Index (ContactManager.Web) in 9.5045ms
2026-02-14 22:53:25.165 +02:00 [INF] Executed endpoint 'ContactManager.Web.Controllers.ContactsController.Index (ContactManager.Web)'
2026-02-14 22:53:25.167 +02:00 [INF] The response could not be cached for this request.
2026-02-14 22:53:25.169 +02:00 [INF] Request finished HTTP/1.1 GET http://localhost:5021/Contacts - 200 null text/html; charset=utf-8 31.2212ms
2026-02-14 22:53:25.291 +02:00 [INF] Request starting HTTP/1.1 GET http://localhost:5021/@vite/client - null null
2026-02-14 22:53:25.296 +02:00 [INF] No cached response available for this request.
2026-02-14 22:53:25.297 +02:00 [INF] The response could not be cached for this request.
2026-02-14 22:53:25.299 +02:00 [INF] Request finished HTTP/1.1 GET http://localhost:5021/@vite/client - 404 0 null 8.0853ms
2026-02-14 22:53:25.305 +02:00 [INF] Request reached the end of the middleware pipeline without being handled by application code. Request path: GET http://localhost:5021/@vite/client, Response status code: 404
2026-02-14 22:53:26.655 +02:00 [INF] Request starting HTTP/1.1 GET http://localhost:5021/ - null null
2026-02-14 22:53:26.662 +02:00 [INF] No cached response available for this request.
2026-02-14 22:53:26.664 +02:00 [INF] Executing endpoint 'ContactManager.Web.Controllers.HomeController.Index (ContactManager.Web)'
2026-02-14 22:53:26.667 +02:00 [INF] Route matched with {action = "Index", controller = "Home"}. Executing controller action with signature Microsoft.AspNetCore.Mvc.IActionResult Index() on controller ContactManager.Web.Controllers.HomeController (ContactManager.Web).
2026-02-14 22:53:26.671 +02:00 [INF] Executing RedirectResult, redirecting to /Contacts.
2026-02-14 22:53:26.674 +02:00 [INF] Executed action ContactManager.Web.Controllers.HomeController.Index (ContactManager.Web) in 2.3763ms
2026-02-14 22:53:26.676 +02:00 [INF] Executed endpoint 'ContactManager.Web.Controllers.HomeController.Index (ContactManager.Web)'
2026-02-14 22:53:26.679 +02:00 [INF] The response could not be cached for this request.
2026-02-14 22:53:26.680 +02:00 [INF] Request finished HTTP/1.1 GET http://localhost:5021/ - 302 0 null 25.3055ms
2026-02-14 22:53:26.694 +02:00 [INF] Request starting HTTP/1.1 GET http://localhost:5021/Contacts - null null
2026-02-14 22:53:26.698 +02:00 [INF] No cached response available for this request.
2026-02-14 22:53:26.700 +02:00 [INF] Executing endpoint 'ContactManager.Web.Controllers.ContactsController.Index (ContactManager.Web)'
2026-02-14 22:53:26.701 +02:00 [INF] Route matched with {action = "Index", controller = "Contacts"}. Executing controller action with signature System.Threading.Tasks.Task`1[Microsoft.AspNetCore.Mvc.IActionResult] Index() on controller ContactManager.Web.Controllers.ContactsController (ContactManager.Web).
2026-02-14 22:53:26.705 +02:00 [INF] Configuring SQLite database
2026-02-14 22:53:26.709 +02:00 [INF] Executing ViewResult, running view Index.
2026-02-14 22:53:26.713 +02:00 [INF] Executed ViewResult - view Index executed in 4.1252ms.
2026-02-14 22:53:26.715 +02:00 [INF] Executed action ContactManager.Web.Controllers.ContactsController.Index (ContactManager.Web) in 10.2876ms
2026-02-14 22:53:26.718 +02:00 [INF] Executed endpoint 'ContactManager.Web.Controllers.ContactsController.Index (ContactManager.Web)'
2026-02-14 22:53:26.721 +02:00 [INF] The response could not be cached for this request.
2026-02-14 22:53:26.723 +02:00 [INF] Request finished HTTP/1.1 GET http://localhost:5021/Contacts - 200 null text/html; charset=utf-8 29.2203ms
2026-02-14 22:53:26.832 +02:00 [INF] Request starting HTTP/1.1 GET http://localhost:5021/@vite/client - null null
2026-02-14 22:53:26.836 +02:00 [INF] No cached response available for this request.
2026-02-14 22:53:26.838 +02:00 [INF] The response could not be cached for this request.
2026-02-14 22:53:26.840 +02:00 [INF] Request finished HTTP/1.1 GET http://localhost:5021/@vite/client - 404 0 null 7.8064ms
2026-02-14 22:53:26.845 +02:00 [INF] Request reached the end of the middleware pipeline without being handled by application code. Request path: GET http://localhost:5021/@vite/client, Response status code: 404
2026-02-14 22:53:28.418 +02:00 [INF] Request starting HTTP/1.1 GET http://localhost:5021/ - null null
2026-02-14 22:53:28.423 +02:00 [INF] No cached response available for this request.
2026-02-14 22:53:28.424 +02:00 [INF] Executing endpoint 'ContactManager.Web.Controllers.HomeController.Index (ContactManager.Web)'
2026-02-14 22:53:28.426 +02:00 [INF] Route matched with {action = "Index", controller = "Home"}. Executing controller action with signature Microsoft.AspNetCore.Mvc.IActionResult Index() on controller ContactManager.Web.Controllers.HomeController (ContactManager.Web).
2026-02-14 22:53:28.430 +02:00 [INF] Executing RedirectResult, redirecting to /Contacts.
2026-02-14 22:53:28.432 +02:00 [INF] Executed action ContactManager.Web.Controllers.HomeController.Index (ContactManager.Web) in 2.3949ms
2026-02-14 22:53:28.435 +02:00 [INF] Executed endpoint 'ContactManager.Web.Controllers.HomeController.Index (ContactManager.Web)'
2026-02-14 22:53:28.437 +02:00 [INF] The response could not be cached for this request.
2026-02-14 22:53:28.439 +02:00 [INF] Request finished HTTP/1.1 GET http://localhost:5021/ - 302 0 null 20.5521ms
2026-02-14 22:53:28.445 +02:00 [INF] Request starting HTTP/1.1 GET http://localhost:5021/Contacts - null null
2026-02-14 22:53:28.449 +02:00 [INF] No cached response available for this request.
2026-02-14 22:53:28.450 +02:00 [INF] Executing endpoint 'ContactManager.Web.Controllers.ContactsController.Index (ContactManager.Web)'
2026-02-14 22:53:28.453 +02:00 [INF] Route matched with {action = "Index", controller = "Contacts"}. Executing controller action with signature System.Threading.Tasks.Task`1[Microsoft.AspNetCore.Mvc.IActionResult] Index() on controller ContactManager.Web.Controllers.ContactsController (ContactManager.Web).
2026-02-14 22:53:28.456 +02:00 [INF] Configuring SQLite database
2026-02-14 22:53:28.459 +02:00 [INF] Executing ViewResult, running view Index.
2026-02-14 22:53:28.462 +02:00 [INF] Executed ViewResult - view Index executed in 2.7987ms.
2026-02-14 22:53:28.465 +02:00 [INF] Executed action ContactManager.Web.Controllers.ContactsController.Index (ContactManager.Web) in 8.291ms
2026-02-14 22:53:28.467 +02:00 [INF] Executed endpoint 'ContactManager.Web.Controllers.ContactsController.Index (ContactManager.Web)'
2026-02-14 22:53:28.470 +02:00 [INF] The response could not be cached for this request.
2026-02-14 22:53:28.472 +02:00 [INF] Request finished HTTP/1.1 GET http://localhost:5021/Contacts - 200 null text/html; charset=utf-8 27.053ms
2026-02-14 22:53:28.623 +02:00 [INF] Request starting HTTP/1.1 GET http://localhost:5021/@vite/client - null null
2026-02-14 22:53:28.627 +02:00 [INF] No cached response available for this request.
2026-02-14 22:53:28.628 +02:00 [INF] The response could not be cached for this request.
2026-02-14 22:53:28.630 +02:00 [INF] Request finished HTTP/1.1 GET http://localhost:5021/@vite/client - 404 0 null 6.9457ms
2026-02-14 22:53:28.635 +02:00 [INF] Request reached the end of the middleware pipeline without being handled by application code. Request path: GET http://localhost:5021/@vite/client, Response status code: 404
2026-02-14 22:53:28.820 +02:00 [INF] Request starting HTTP/1.1 GET http://localhost:5021/ - null null
2026-02-14 22:53:28.825 +02:00 [INF] No cached response available for this request.
2026-02-14 22:53:28.826 +02:00 [INF] Executing endpoint 'ContactManager.Web.Controllers.HomeController.Index (ContactManager.Web)'
2026-02-14 22:53:28.829 +02:00 [INF] Route matched with {action = "Index", controller = "Home"}. Executing controller action with signature Microsoft.AspNetCore.Mvc.IActionResult Index() on controller ContactManager.Web.Controllers.HomeController (ContactManager.Web).
2026-02-14 22:53:28.835 +02:00 [INF] Executing RedirectResult, redirecting to /Contacts.
2026-02-14 22:53:28.838 +02:00 [INF] Executed action ContactManager.Web.Controllers.HomeController.Index (ContactManager.Web) in 2.8135ms
2026-02-14 22:53:28.841 +02:00 [INF] Executed endpoint 'ContactManager.Web.Controllers.HomeController.Index (ContactManager.Web)'
2026-02-14 22:53:28.843 +02:00 [INF] The response could not be cached for this request.
2026-02-14 22:53:28.844 +02:00 [INF] Request finished HTTP/1.1 GET http://localhost:5021/ - 302 0 null 24.1939ms
2026-02-14 22:53:28.851 +02:00 [INF] Request starting HTTP/1.1 GET http://localhost:5021/Contacts - null null
2026-02-14 22:53:28.856 +02:00 [INF] No cached response available for this request.
2026-02-14 22:53:28.857 +02:00 [INF] Executing endpoint 'ContactManager.Web.Controllers.ContactsController.Index (ContactManager.Web)'
2026-02-14 22:53:28.860 +02:00 [INF] Route matched with {action = "Index", controller = "Contacts"}. Executing controller action with signature System.Threading.Tasks.Task`1[Microsoft.AspNetCore.Mvc.IActionResult] Index() on controller ContactManager.Web.Controllers.ContactsController (ContactManager.Web).
2026-02-14 22:53:28.864 +02:00 [INF] Configuring SQLite database
2026-02-14 22:53:28.867 +02:00 [INF] Executing ViewResult, running view Index.
2026-02-14 22:53:28.871 +02:00 [INF] Executed ViewResult - view Index executed in 4.0094ms.
2026-02-14 22:53:28.874 +02:00 [INF] Executed action ContactManager.Web.Controllers.ContactsController.Index (ContactManager.Web) in 10.2096ms
2026-02-14 22:53:28.877 +02:00 [INF] Executed endpoint 'ContactManager.Web.Controllers.ContactsController.Index (ContactManager.Web)'
2026-02-14 22:53:28.880 +02:00 [INF] The response could not be cached for this request.
2026-02-14 22:53:28.883 +02:00 [INF] Request finished HTTP/1.1 GET http://localhost:5021/Contacts - 200 null text/html; charset=utf-8 31.8984ms
2026-02-14 22:53:29.005 +02:00 [INF] Request starting HTTP/1.1 GET http://localhost:5021/@vite/client - null null
2026-02-14 22:53:29.010 +02:00 [INF] No cached response available for this request.
2026-02-14 22:53:29.012 +02:00 [INF] The response could not be cached for this request.
2026-02-14 22:53:29.013 +02:00 [INF] Request finished HTTP/1.1 GET http://localhost:5021/@vite/client - 404 0 null 8.7728ms
2026-02-14 22:53:29.021 +02:00 [INF] Request reached the end of the middleware pipeline without being handled by application code. Request path: GET http://localhost:5021/@vite/client, Response status code: 404
2026-02-14 22:53:53.330 +02:00 [INF] Request starting HTTP/1.1 POST http://localhost:5021/Contacts/Upload - multipart/form-data; boundary=----WebKitFormBoundarysntMP1fuNBypSJUo 16799
2026-02-14 22:53:53.336 +02:00 [INF] Executing endpoint 'ContactManager.Web.Controllers.ContactsController.Upload (ContactManager.Web)'
2026-02-14 22:53:53.352 +02:00 [INF] Route matched with {action = "Upload", controller = "Contacts"}. Executing controller action with signature System.Threading.Tasks.Task`1[Microsoft.AspNetCore.Mvc.IActionResult] Upload(Microsoft.AspNetCore.Http.IFormFile) on controller ContactManager.Web.Controllers.ContactsController (ContactManager.Web).
2026-02-14 22:53:53.356 +02:00 [INF] Configuring SQLite database
2026-02-14 22:53:54.103 +02:00 [INF] Executing RedirectResult, redirecting to /Contacts.
2026-02-14 22:53:54.108 +02:00 [INF] Executed action ContactManager.Web.Controllers.ContactsController.Upload (ContactManager.Web) in 752.6239ms
2026-02-14 22:53:54.112 +02:00 [INF] Executed endpoint 'ContactManager.Web.Controllers.ContactsController.Upload (ContactManager.Web)'
2026-02-14 22:53:54.116 +02:00 [INF] Request finished HTTP/1.1 POST http://localhost:5021/Contacts/Upload - 302 0 null 785.8522ms
2026-02-14 22:53:54.123 +02:00 [INF] Request starting HTTP/1.1 GET http://localhost:5021/Contacts - null null
2026-02-14 22:53:54.128 +02:00 [INF] No cached response available for this request.
2026-02-14 22:53:54.130 +02:00 [INF] Executing endpoint 'ContactManager.Web.Controllers.ContactsController.Index (ContactManager.Web)'
2026-02-14 22:53:54.132 +02:00 [INF] Route matched with {action = "Index", controller = "Contacts"}. Executing controller action with signature System.Threading.Tasks.Task`1[Microsoft.AspNetCore.Mvc.IActionResult] Index() on controller ContactManager.Web.Controllers.ContactsController (ContactManager.Web).
2026-02-14 22:53:54.136 +02:00 [INF] Configuring SQLite database
2026-02-14 22:53:54.158 +02:00 [INF] Executing ViewResult, running view Index.
2026-02-14 22:53:54.185 +02:00 [INF] Request starting HTTP/1.1 GET http://localhost:5021/Contacts - null null
2026-02-14 22:53:54.192 +02:00 [INF] No cached response available for this request.
2026-02-14 22:53:54.193 +02:00 [INF] Executed ViewResult - view Index executed in 34.9627ms.
2026-02-14 22:53:54.194 +02:00 [INF] Executing endpoint 'ContactManager.Web.Controllers.ContactsController.Index (ContactManager.Web)'
2026-02-14 22:53:54.199 +02:00 [INF] Route matched with {action = "Index", controller = "Contacts"}. Executing controller action with signature System.Threading.Tasks.Task`1[Microsoft.AspNetCore.Mvc.IActionResult] Index() on controller ContactManager.Web.Controllers.ContactsController (ContactManager.Web).
2026-02-14 22:53:54.200 +02:00 [INF] Executed action ContactManager.Web.Controllers.ContactsController.Index (ContactManager.Web) in 64.618ms
2026-02-14 22:53:54.204 +02:00 [INF] Configuring SQLite database
2026-02-14 22:53:54.208 +02:00 [INF] Executed endpoint 'ContactManager.Web.Controllers.ContactsController.Index (ContactManager.Web)'
2026-02-14 22:53:54.214 +02:00 [INF] The response could not be cached for this request.
2026-02-14 22:53:54.216 +02:00 [INF] Request finished HTTP/1.1 GET http://localhost:5021/Contacts - 200 null text/html; charset=utf-8 93.9411ms
2026-02-14 22:53:54.229 +02:00 [INF] Executing ViewResult, running view Index.
2026-02-14 22:53:54.242 +02:00 [INF] Executed ViewResult - view Index executed in 12.6087ms.
2026-02-14 22:53:54.246 +02:00 [INF] Executed action ContactManager.Web.Controllers.ContactsController.Index (ContactManager.Web) in 42.3628ms
2026-02-14 22:53:54.250 +02:00 [INF] Executed endpoint 'ContactManager.Web.Controllers.ContactsController.Index (ContactManager.Web)'
2026-02-14 22:53:54.253 +02:00 [INF] The response could not be cached for this request.
2026-02-14 22:53:54.255 +02:00 [INF] Request finished HTTP/1.1 GET http://localhost:5021/Contacts - 200 null text/html; charset=utf-8 69.5673ms
2026-02-14 22:53:56.604 +02:00 [INF] Request starting HTTP/1.1 GET http://localhost:5021/@vite/client - null null
2026-02-14 22:53:56.609 +02:00 [INF] No cached response available for this request.
2026-02-14 22:53:56.611 +02:00 [INF] The response could not be cached for this request.
2026-02-14 22:53:56.612 +02:00 [INF] Request finished HTTP/1.1 GET http://localhost:5021/@vite/client - 404 0 null 8.6144ms
2026-02-14 22:53:56.621 +02:00 [INF] Request reached the end of the middleware pipeline without being handled by application code. Request path: GET http://localhost:5021/@vite/client, Response status code: 404
2026-02-14 22:57:47.436 +02:00 [INF] Request starting HTTP/1.1 GET http://localhost:5021/Contacts - null null
2026-02-14 22:57:47.442 +02:00 [INF] No cached response available for this request.
2026-02-14 22:57:47.444 +02:00 [INF] Executing endpoint 'ContactManager.Web.Controllers.ContactsController.Index (ContactManager.Web)'
2026-02-14 22:57:47.446 +02:00 [INF] Route matched with {action = "Index", controller = "Contacts"}. Executing controller action with signature System.Threading.Tasks.Task`1[Microsoft.AspNetCore.Mvc.IActionResult] Index() on controller ContactManager.Web.Controllers.ContactsController (ContactManager.Web).
2026-02-14 22:57:47.451 +02:00 [INF] Configuring SQLite database
2026-02-14 22:57:47.471 +02:00 [INF] Executing ViewResult, running view Index.
2026-02-14 22:57:47.480 +02:00 [INF] Executed ViewResult - view Index executed in 8.5894ms.
2026-02-14 22:57:47.483 +02:00 [INF] Executed action ContactManager.Web.Controllers.ContactsController.Index (ContactManager.Web) in 32.378ms
2026-02-14 22:57:47.486 +02:00 [INF] Executed endpoint 'ContactManager.Web.Controllers.ContactsController.Index (ContactManager.Web)'
2026-02-14 22:57:47.489 +02:00 [INF] The response could not be cached for this request.
2026-02-14 22:57:47.491 +02:00 [INF] Request finished HTTP/1.1 GET http://localhost:5021/Contacts - 200 null text/html; charset=utf-8 54.9218ms
2026-02-14 22:57:47.505 +02:00 [INF] Request starting HTTP/1.1 GET http://localhost:5021/Frontend/css/contact-manager.css - null null
2026-02-14 22:57:47.509 +02:00 [INF] Request starting HTTP/1.1 GET http://localhost:5021/Frontend/js/contact-manager.js - null null
2026-02-14 22:57:47.512 +02:00 [INF] The file /Frontend/css/contact-manager.css was not modified
2026-02-14 22:57:47.518 +02:00 [INF] The file /Frontend/js/contact-manager.js was not modified
2026-02-14 22:57:47.520 +02:00 [INF] Request finished HTTP/1.1 GET http://localhost:5021/Frontend/css/contact-manager.css - 304 null text/css 15.2009ms
2026-02-14 22:57:47.522 +02:00 [INF] Request finished HTTP/1.1 GET http://localhost:5021/Frontend/js/contact-manager.js - 304 null text/javascript 13.2508ms
2026-02-14 22:57:49.372 +02:00 [INF] Request starting HTTP/1.1 GET http://localhost:5021/Contacts - null null
2026-02-14 22:57:49.377 +02:00 [INF] No cached response available for this request.
2026-02-14 22:57:49.378 +02:00 [INF] Executing endpoint 'ContactManager.Web.Controllers.ContactsController.Index (ContactManager.Web)'
2026-02-14 22:57:49.380 +02:00 [INF] Route matched with {action = "Index", controller = "Contacts"}. Executing controller action with signature System.Threading.Tasks.Task`1[Microsoft.AspNetCore.Mvc.IActionResult] Index() on controller ContactManager.Web.Controllers.ContactsController (ContactManager.Web).
2026-02-14 22:57:49.385 +02:00 [INF] Configuring SQLite database
2026-02-14 22:57:49.398 +02:00 [INF] Executing ViewResult, running view Index.
2026-02-14 22:57:49.407 +02:00 [INF] Executed ViewResult - view Index executed in 8.4899ms.
2026-02-14 22:57:49.410 +02:00 [INF] Executed action ContactManager.Web.Controllers.ContactsController.Index (ContactManager.Web) in 25.1575ms
2026-02-14 22:57:49.413 +02:00 [INF] Executed endpoint 'ContactManager.Web.Controllers.ContactsController.Index (ContactManager.Web)'
2026-02-14 22:57:49.415 +02:00 [INF] The response could not be cached for this request.
2026-02-14 22:57:49.417 +02:00 [INF] Request finished HTTP/1.1 GET http://localhost:5021/Contacts - 200 null text/html; charset=utf-8 44.9274ms
2026-02-14 22:57:52.007 +02:00 [INF] Request starting HTTP/1.1 GET http://localhost:5021/@vite/client - null null
2026-02-14 22:57:52.012 +02:00 [INF] No cached response available for this request.
2026-02-14 22:57:52.014 +02:00 [INF] The response could not be cached for this request.
2026-02-14 22:57:52.016 +02:00 [INF] Request finished HTTP/1.1 GET http://localhost:5021/@vite/client - 404 0 null 8.7258ms
2026-02-14 22:57:52.023 +02:00 [INF] Request reached the end of the middleware pipeline without being handled by application code. Request path: GET http://localhost:5021/@vite/client, Response status code: 404
2026-02-14 22:57:55.691 +02:00 [INF] Request starting HTTP/1.1 GET http://localhost:5021/Contacts - null null
2026-02-14 22:57:55.696 +02:00 [INF] No cached response available for this request.
2026-02-14 22:57:55.698 +02:00 [INF] Executing endpoint 'ContactManager.Web.Controllers.ContactsController.Index (ContactManager.Web)'
2026-02-14 22:57:55.700 +02:00 [INF] Route matched with {action = "Index", controller = "Contacts"}. Executing controller action with signature System.Threading.Tasks.Task`1[Microsoft.AspNetCore.Mvc.IActionResult] Index() on controller ContactManager.Web.Controllers.ContactsController (ContactManager.Web).
2026-02-14 22:57:55.705 +02:00 [INF] Configuring SQLite database
2026-02-14 22:57:55.714 +02:00 [INF] Executing ViewResult, running view Index.
2026-02-14 22:57:55.725 +02:00 [INF] Executed ViewResult - view Index executed in 11.2794ms.
2026-02-14 22:57:55.728 +02:00 [INF] Executed action ContactManager.Web.Controllers.ContactsController.Index (ContactManager.Web) in 23.6366ms
2026-02-14 22:57:55.731 +02:00 [INF] Executed endpoint 'ContactManager.Web.Controllers.ContactsController.Index (ContactManager.Web)'
2026-02-14 22:57:55.734 +02:00 [INF] The response could not be cached for this request.
2026-02-14 22:57:55.737 +02:00 [INF] Request finished HTTP/1.1 GET http://localhost:5021/Contacts - 200 null text/html; charset=utf-8 45.2156ms
2026-02-14 22:57:58.051 +02:00 [INF] Request starting HTTP/1.1 GET http://localhost:5021/@vite/client - null null
2026-02-14 22:57:58.056 +02:00 [INF] No cached response available for this request.
2026-02-14 22:57:58.057 +02:00 [INF] The response could not be cached for this request.
2026-02-14 22:57:58.059 +02:00 [INF] Request finished HTTP/1.1 GET http://localhost:5021/@vite/client - 404 0 null 8.1292ms
2026-02-14 22:57:58.065 +02:00 [INF] Request reached the end of the middleware pipeline without being handled by application code. Request path: GET http://localhost:5021/@vite/client, Response status code: 404
2026-02-14 23:28:48.007 +02:00 [INF] Request starting HTTP/1.1 GET http://localhost:5021/ - null null
2026-02-14 23:28:48.012 +02:00 [INF] No cached response available for this request.
2026-02-14 23:28:48.013 +02:00 [INF] Executing endpoint 'ContactManager.Web.Controllers.HomeController.Index (ContactManager.Web)'
2026-02-14 23:28:48.017 +02:00 [INF] Route matched with {action = "Index", controller = "Home"}. Executing controller action with signature Microsoft.AspNetCore.Mvc.IActionResult Index() on controller ContactManager.Web.Controllers.HomeController (ContactManager.Web).
2026-02-14 23:28:48.023 +02:00 [INF] Executing RedirectResult, redirecting to /Contacts.
2026-02-14 23:28:48.025 +02:00 [INF] Executed action ContactManager.Web.Controllers.HomeController.Index (ContactManager.Web) in 3.1672ms
2026-02-14 23:28:48.029 +02:00 [INF] Executed endpoint 'ContactManager.Web.Controllers.HomeController.Index (ContactManager.Web)'
2026-02-14 23:28:48.032 +02:00 [INF] The response could not be cached for this request.
2026-02-14 23:28:48.034 +02:00 [INF] Request finished HTTP/1.1 GET http://localhost:5021/ - 302 0 null 27.5077ms
2026-02-14 23:28:48.042 +02:00 [INF] Request starting HTTP/1.1 GET http://localhost:5021/Contacts - null null
2026-02-14 23:28:48.047 +02:00 [INF] No cached response available for this request.
2026-02-14 23:28:48.049 +02:00 [INF] Executing endpoint 'ContactManager.Web.Controllers.ContactsController.Index (ContactManager.Web)'
2026-02-14 23:28:48.052 +02:00 [INF] Route matched with {action = "Index", controller = "Contacts"}. Executing controller action with signature System.Threading.Tasks.Task`1[Microsoft.AspNetCore.Mvc.IActionResult] Index() on controller ContactManager.Web.Controllers.ContactsController (ContactManager.Web).
2026-02-14 23:28:48.056 +02:00 [INF] Configuring SQLite database
2026-02-14 23:28:48.332 +02:00 [INF] Request starting HTTP/1.1 GET http://localhost:5021/ - null null
2026-02-14 23:28:48.337 +02:00 [INF] No cached response available for this request.
2026-02-14 23:28:48.339 +02:00 [INF] Executing endpoint 'ContactManager.Web.Controllers.HomeController.Index (ContactManager.Web)'
2026-02-14 23:28:48.341 +02:00 [INF] Route matched with {action = "Index", controller = "Home"}. Executing controller action with signature Microsoft.AspNetCore.Mvc.IActionResult Index() on controller ContactManager.Web.Controllers.HomeController (ContactManager.Web).
2026-02-14 23:28:48.344 +02:00 [INF] Executing RedirectResult, redirecting to /Contacts.
2026-02-14 23:28:48.346 +02:00 [INF] Executed action ContactManager.Web.Controllers.HomeController.Index (ContactManager.Web) in 1.7541ms
2026-02-14 23:28:48.349 +02:00 [INF] Executing ViewResult, running view Index.
2026-02-14 23:28:48.349 +02:00 [INF] Executed endpoint 'ContactManager.Web.Controllers.HomeController.Index (ContactManager.Web)'
2026-02-14 23:28:48.353 +02:00 [INF] The response could not be cached for this request.
2026-02-14 23:28:48.354 +02:00 [INF] Executed ViewResult - view Index executed in 7.0464ms.
2026-02-14 23:28:48.355 +02:00 [INF] Request finished HTTP/1.1 GET http://localhost:5021/ - 302 0 null 22.2919ms
2026-02-14 23:28:48.357 +02:00 [INF] Executed action ContactManager.Web.Controllers.ContactsController.Index (ContactManager.Web) in 301.7281ms
2026-02-14 23:28:48.363 +02:00 [INF] Request starting HTTP/1.1 GET http://localhost:5021/Contacts - null null
2026-02-14 23:28:48.365 +02:00 [INF] Executed endpoint 'ContactManager.Web.Controllers.ContactsController.Index (ContactManager.Web)'
2026-02-14 23:28:48.370 +02:00 [INF] No cached response available for this request.
2026-02-14 23:28:48.371 +02:00 [INF] The response could not be cached for this request.
2026-02-14 23:28:48.373 +02:00 [INF] Executing endpoint 'ContactManager.Web.Controllers.ContactsController.Index (ContactManager.Web)'
2026-02-14 23:28:48.374 +02:00 [INF] Request finished HTTP/1.1 GET http://localhost:5021/Contacts - 200 null text/html; charset=utf-8 332.1975ms
2026-02-14 23:28:48.376 +02:00 [INF] Route matched with {action = "Index", controller = "Contacts"}. Executing controller action with signature System.Threading.Tasks.Task`1[Microsoft.AspNetCore.Mvc.IActionResult] Index() on controller ContactManager.Web.Controllers.ContactsController (ContactManager.Web).
2026-02-14 23:28:48.384 +02:00 [INF] Configuring SQLite database
2026-02-14 23:28:48.388 +02:00 [INF] Executing ViewResult, running view Index.
2026-02-14 23:28:48.394 +02:00 [INF] Executed ViewResult - view Index executed in 6.0168ms.
2026-02-14 23:28:48.398 +02:00 [INF] Executed action ContactManager.Web.Controllers.ContactsController.Index (ContactManager.Web) in 13.9431ms
2026-02-14 23:28:48.401 +02:00 [INF] Executed endpoint 'ContactManager.Web.Controllers.ContactsController.Index (ContactManager.Web)'
2026-02-14 23:28:48.403 +02:00 [INF] The response could not be cached for this request.
2026-02-14 23:28:48.405 +02:00 [INF] Request finished HTTP/1.1 GET http://localhost:5021/Contacts - 200 null text/html; charset=utf-8 42.5685ms
2026-02-14 23:28:48.418 +02:00 [INF] Request starting HTTP/1.1 GET http://localhost:5021/Frontend/css/contact-manager.css - null null
2026-02-14 23:28:48.423 +02:00 [INF] Request starting HTTP/1.1 GET http://localhost:5021/Frontend/js/contact-manager.js - null null
2026-02-14 23:28:48.426 +02:00 [INF] The file /Frontend/css/contact-manager.css was not modified
2026-02-14 23:28:48.430 +02:00 [INF] The file /Frontend/js/contact-manager.js was not modified
2026-02-14 23:28:48.433 +02:00 [INF] Request finished HTTP/1.1 GET http://localhost:5021/Frontend/css/contact-manager.css - 304 null text/css 14.3896ms
2026-02-14 23:28:48.435 +02:00 [INF] Request finished HTTP/1.1 GET http://localhost:5021/Frontend/js/contact-manager.js - 304 null text/javascript 12.6096ms
2026-02-14 23:28:50.053 +02:00 [INF] Request starting HTTP/1.1 GET http://localhost:5021/ - null null
2026-02-14 23:28:50.058 +02:00 [INF] No cached response available for this request.
2026-02-14 23:28:50.060 +02:00 [INF] Executing endpoint 'ContactManager.Web.Controllers.HomeController.Index (ContactManager.Web)'
2026-02-14 23:28:50.062 +02:00 [INF] Route matched with {action = "Index", controller = "Home"}. Executing controller action with signature Microsoft.AspNetCore.Mvc.IActionResult Index() on controller ContactManager.Web.Controllers.HomeController (ContactManager.Web).
2026-02-14 23:28:50.067 +02:00 [INF] Executing RedirectResult, redirecting to /Contacts.
2026-02-14 23:28:50.070 +02:00 [INF] Executed action ContactManager.Web.Controllers.HomeController.Index (ContactManager.Web) in 3.0506ms
2026-02-14 23:28:50.073 +02:00 [INF] Executed endpoint 'ContactManager.Web.Controllers.HomeController.Index (ContactManager.Web)'
2026-02-14 23:28:50.076 +02:00 [INF] The response could not be cached for this request.
2026-02-14 23:28:50.078 +02:00 [INF] Request finished HTTP/1.1 GET http://localhost:5021/ - 302 0 null 24.7104ms
2026-02-14 23:28:50.085 +02:00 [INF] Request starting HTTP/1.1 GET http://localhost:5021/Contacts - null null
2026-02-14 23:28:50.090 +02:00 [INF] No cached response available for this request.
2026-02-14 23:28:50.091 +02:00 [INF] Executing endpoint 'ContactManager.Web.Controllers.ContactsController.Index (ContactManager.Web)'
2026-02-14 23:28:50.093 +02:00 [INF] Route matched with {action = "Index", controller = "Contacts"}. Executing controller action with signature System.Threading.Tasks.Task`1[Microsoft.AspNetCore.Mvc.IActionResult] Index() on controller ContactManager.Web.Controllers.ContactsController (ContactManager.Web).
2026-02-14 23:28:50.097 +02:00 [INF] Configuring SQLite database
2026-02-14 23:28:50.103 +02:00 [INF] Executing ViewResult, running view Index.
2026-02-14 23:28:50.109 +02:00 [INF] Executed ViewResult - view Index executed in 6.1681ms.
2026-02-14 23:28:50.111 +02:00 [INF] Executed action ContactManager.Web.Controllers.ContactsController.Index (ContactManager.Web) in 14.3176ms
2026-02-14 23:28:50.114 +02:00 [INF] Executed endpoint 'ContactManager.Web.Controllers.ContactsController.Index (ContactManager.Web)'
2026-02-14 23:28:50.116 +02:00 [INF] The response could not be cached for this request.
2026-02-14 23:28:50.118 +02:00 [INF] Request finished HTTP/1.1 GET http://localhost:5021/Contacts - 200 null text/html; charset=utf-8 32.8715ms
2026-02-14 23:28:52.746 +02:00 [INF] Request starting HTTP/1.1 GET http://localhost:5021/@vite/client - null null
2026-02-14 23:28:52.752 +02:00 [INF] No cached response available for this request.
2026-02-14 23:28:52.754 +02:00 [INF] The response could not be cached for this request.
2026-02-14 23:28:52.755 +02:00 [INF] Request finished HTTP/1.1 GET http://localhost:5021/@vite/client - 404 0 null 8.7339ms
2026-02-14 23:28:52.761 +02:00 [INF] Request reached the end of the middleware pipeline without being handled by application code. Request path: GET http://localhost:5021/@vite/client, Response status code: 404
