2026-02-13 08:58:05.930 +02:00 [INF] Starting database initialization
2026-02-13 08:58:06.090 +02:00 [INF] Configuring SQLite database
2026-02-13 08:58:06.212 +02:00 [INF] Starting database initialization
2026-02-13 08:58:06.617 +02:00 [INF] Initializing SQLite database
2026-02-13 08:58:06.630 +02:00 [INF] Found existing SQLite database, will recreate for clean state
2026-02-13 08:58:06.633 +02:00 [INF] Existing SQLite database deleted successfully
2026-02-13 08:58:06.920 +02:00 [INF] SQLite database and tables created successfully
2026-02-13 08:58:06.923 +02:00 [INF] Database initialization completed in 709ms
2026-02-13 08:58:06.926 +02:00 [INF] Database initialization completed successfully
2026-02-13 08:58:07.232 +02:00 [INF] User profile is available. Using 'C:\Users\Eugene\AppData\Local\ASP.NET\DataProtection-Keys' as key repository and Windows DPAPI to encrypt keys at rest.
2026-02-13 08:58:07.366 +02:00 [INF] Now listening on: http://localhost:5021
2026-02-13 08:58:07.368 +02:00 [INF] Application started. Press Ctrl+C to shut down.
2026-02-13 08:58:07.370 +02:00 [INF] Hosting environment: Development
2026-02-13 08:58:07.371 +02:00 [INF] Content root path: E:\TestTask\Bits OrchestraTest Task\ContactManager.Web
2026-02-13 09:13:55.247 +02:00 [INF] Starting database initialization
2026-02-13 09:13:55.352 +02:00 [INF] Configuring SQLite database
2026-02-13 09:13:55.479 +02:00 [INF] Starting database initialization
2026-02-13 09:13:56.098 +02:00 [INF] Initializing SQLite database
2026-02-13 09:13:56.113 +02:00 [INF] Found existing SQLite database, will recreate for clean state
2026-02-13 09:13:56.116 +02:00 [INF] Existing SQLite database deleted successfully
2026-02-13 09:13:56.404 +02:00 [INF] SQLite database and tables created successfully
2026-02-13 09:13:56.407 +02:00 [INF] Database initialization completed in 925ms
2026-02-13 09:13:56.412 +02:00 [INF] Database initialization completed successfully
2026-02-13 09:13:56.528 +02:00 [INF] User profile is available. Using 'C:\Users\Eugene\AppData\Local\ASP.NET\DataProtection-Keys' as key repository and Windows DPAPI to encrypt keys at rest.
2026-02-13 09:13:56.619 +02:00 [INF] Now listening on: http://localhost:5021
2026-02-13 09:13:56.621 +02:00 [INF] Application started. Press Ctrl+C to shut down.
2026-02-13 09:13:56.623 +02:00 [INF] Hosting environment: Development
2026-02-13 09:13:56.625 +02:00 [INF] Content root path: E:\TestTask\Bits OrchestraTest Task\ContactManager.Web
2026-02-13 09:14:19.156 +02:00 [INF] Request starting HTTP/1.1 GET http://localhost:5021/ - null null
2026-02-13 09:14:19.268 +02:00 [WRN] Failed to determine the https port for redirect.
2026-02-13 09:14:19.382 +02:00 [INF] No cached response available for this request.
2026-02-13 09:14:19.602 +02:00 [INF] Executing endpoint 'ContactManager.Web.Controllers.HomeController.Index (ContactManager.Web)'
2026-02-13 09:14:19.667 +02:00 [INF] Route matched with {action = "Index", controller = "Home"}. Executing controller action with signature Microsoft.AspNetCore.Mvc.IActionResult Index() on controller ContactManager.Web.Controllers.HomeController (ContactManager.Web).
2026-02-13 09:14:19.734 +02:00 [INF] Executing RedirectResult, redirecting to /Contacts.
2026-02-13 09:14:19.751 +02:00 [INF] Executed action ContactManager.Web.Controllers.HomeController.Index (ContactManager.Web) in 73.4232ms
2026-02-13 09:14:19.757 +02:00 [INF] Executed endpoint 'ContactManager.Web.Controllers.HomeController.Index (ContactManager.Web)'
2026-02-13 09:14:19.759 +02:00 [INF] The response could not be cached for this request.
2026-02-13 09:14:19.771 +02:00 [INF] Request finished HTTP/1.1 GET http://localhost:5021/ - 302 0 null 663.9449ms
2026-02-13 09:14:19.788 +02:00 [INF] Request starting HTTP/1.1 GET http://localhost:5021/Contacts - null null
2026-02-13 09:14:19.794 +02:00 [INF] No cached response available for this request.
2026-02-13 09:14:19.797 +02:00 [INF] Executing endpoint 'ContactManager.Web.Controllers.ContactsController.Index (ContactManager.Web)'
2026-02-13 09:14:19.912 +02:00 [INF] Route matched with {action = "Index", controller = "Contacts"}. Executing controller action with signature System.Threading.Tasks.Task`1[Microsoft.AspNetCore.Mvc.IActionResult] Index() on controller ContactManager.Web.Controllers.ContactsController (ContactManager.Web).
2026-02-13 09:14:19.916 +02:00 [INF] Configuring SQLite database
2026-02-13 09:14:20.686 +02:00 [INF] Executing ViewResult, running view Index.
2026-02-13 09:14:21.251 +02:00 [INF] Executed ViewResult - view Index executed in 581.4096ms.
2026-02-13 09:14:21.254 +02:00 [INF] Executed action ContactManager.Web.Controllers.ContactsController.Index (ContactManager.Web) in 1337.9976ms
2026-02-13 09:14:21.256 +02:00 [INF] Executed endpoint 'ContactManager.Web.Controllers.ContactsController.Index (ContactManager.Web)'
2026-02-13 09:14:21.258 +02:00 [INF] The response could not be cached for this request.
2026-02-13 09:14:21.264 +02:00 [INF] Request finished HTTP/1.1 GET http://localhost:5021/Contacts - 200 null text/html; charset=utf-8 1477.0723ms
2026-02-13 09:14:36.827 +02:00 [INF] Request starting HTTP/1.1 GET http://localhost:5021/swagger/index.html - null null
2026-02-13 09:14:36.880 +02:00 [INF] No cached response available for this request.
2026-02-13 09:14:37.508 +02:00 [INF] The response could not be cached for this request.
2026-02-13 09:14:37.510 +02:00 [INF] Request finished HTTP/1.1 GET http://localhost:5021/swagger/index.html - 200 null text/html;charset=utf-8 683.4594ms
2026-02-13 09:14:52.641 +02:00 [INF] Request starting HTTP/1.1 GET http://localhost:5021/websocket-test.html - null null
2026-02-13 09:14:53.897 +02:00 [INF] Sending file. Request path: '/websocket-test.html'. Physical path: 'E:\TestTask\Bits OrchestraTest Task\ContactManager.Web\wwwroot\websocket-test.html'
2026-02-13 09:14:53.904 +02:00 [INF] Request finished HTTP/1.1 GET http://localhost:5021/websocket-test.html - 200 11461 text/html 1262.7896ms
